This is pdfTeX, Version 3.141592653-2.6-1.40.26 (TeX Live 2024) (preloaded format=pdflatex 2025.1.6)  27 JUL 2025 11:05
entering extended mode
 restricted \write18 enabled.
 file:line:error style messages enabled.
 %&-line parsing enabled.
**d:/Masterarbeit/2.Versuch/Text/main.tex
(d:/Masterarbeit/2.Versuch/Text/main.tex
LaTeX2e <2024-11-01> patch level 1
L3 programming layer <2024-12-09>
(c:/texlive/2024/texmf-dist/tex/latex/base/article.cls
Document Class: article 2024/06/29 v1.4n Standard LaTeX document class
(c:/texlive/2024/texmf-dist/tex/latex/base/size10.clo
File: size10.clo 2024/06/29 v1.4n Standard LaTeX file (size option)
)
\c@part=\count196
\c@section=\count197
\c@subsection=\count198
\c@subsubsection=\count199
\c@paragraph=\count266
\c@subparagraph=\count267
\c@figure=\count268
\c@table=\count269
\abovecaptionskip=\skip49
\belowcaptionskip=\skip50
\bibindent=\dimen141
) (c:/texlive/2024/texmf-dist/tex/latex/base/inputenc.sty
Package: inputenc 2024/02/08 v1.3d Input encoding file
\inpenc@prehook=\toks17
\inpenc@posthook=\toks18
) (c:/texlive/2024/texmf-dist/tex/latex/graphics/graphicx.sty
Package: graphicx 2021/09/16 v1.2d Enhanced LaTeX Graphics (DPC,SPQR)
 (c:/texlive/2024/texmf-dist/tex/latex/graphics/keyval.sty
Package: keyval 2022/05/29 v1.15 key=value parser (DPC)
\KV@toks@=\toks19
) (c:/texlive/2024/texmf-dist/tex/latex/graphics/graphics.sty
Package: graphics 2024/08/06 v1.4g Standard LaTeX Graphics (DPC,SPQR)
 (c:/texlive/2024/texmf-dist/tex/latex/graphics/trig.sty
Package: trig 2023/12/02 v1.11 sin cos tan (DPC)
) (c:/texlive/2024/texmf-dist/tex/latex/graphics-cfg/graphics.cfg
File: graphics.cfg 2016/06/04 v1.11 sample graphics configuration
)
Package graphics Info: Driver file: pdftex.def on input line 106.
 (c:/texlive/2024/texmf-dist/tex/latex/graphics-def/pdftex.def
File: pdftex.def 2024/04/13 v1.2c Graphics/color driver for pdftex
))
\Gin@req@height=\dimen142
\Gin@req@width=\dimen143
) (c:/texlive/2024/texmf-dist/tex/latex/hyperref/hyperref.sty
Package: hyperref 2024-11-05 v7.01l Hypertext links for LaTeX
 (c:/texlive/2024/texmf-dist/tex/generic/iftex/iftex.sty
Package: iftex 2024/12/12 v1.0g TeX engine tests
) (c:/texlive/2024/texmf-dist/tex/latex/kvsetkeys/kvsetkeys.sty
Package: kvsetkeys 2022-10-05 v1.19 Key value parser (HO)
) (c:/texlive/2024/texmf-dist/tex/generic/kvdefinekeys/kvdefinekeys.sty
Package: kvdefinekeys 2019-12-19 v1.6 Define keys (HO)
) (c:/texlive/2024/texmf-dist/tex/generic/pdfescape/pdfescape.sty
Package: pdfescape 2019/12/09 v1.15 Implements pdfTeX's escape features (HO)
 (c:/texlive/2024/texmf-dist/tex/generic/ltxcmds/ltxcmds.sty
Package: ltxcmds 2023-12-04 v1.26 LaTeX kernel commands for general use (HO)
) (c:/texlive/2024/texmf-dist/tex/generic/pdftexcmds/pdftexcmds.sty
Package: pdftexcmds 2020-06-27 v0.33 Utility functions of pdfTeX for LuaTeX (HO)
 (c:/texlive/2024/texmf-dist/tex/generic/infwarerr/infwarerr.sty
Package: infwarerr 2019/12/03 v1.5 Providing info/warning/error messages (HO)
)
Package pdftexcmds Info: \pdf@primitive is available.
Package pdftexcmds Info: \pdf@ifprimitive is available.
Package pdftexcmds Info: \pdfdraftmode found.
)) (c:/texlive/2024/texmf-dist/tex/latex/hycolor/hycolor.sty
Package: hycolor 2020-01-27 v1.10 Color options for hyperref/bookmark (HO)
) (c:/texlive/2024/texmf-dist/tex/latex/hyperref/nameref.sty
Package: nameref 2023-11-26 v2.56 Cross-referencing by name of section
 (c:/texlive/2024/texmf-dist/tex/latex/refcount/refcount.sty
Package: refcount 2019/12/15 v3.6 Data extraction from label references (HO)
) (c:/texlive/2024/texmf-dist/tex/generic/gettitlestring/gettitlestring.sty
Package: gettitlestring 2019/12/15 v1.6 Cleanup title references (HO)
 (c:/texlive/2024/texmf-dist/tex/latex/kvoptions/kvoptions.sty
Package: kvoptions 2022-06-15 v3.15 Key value format for package options (HO)
))
\c@section@level=\count270
) (c:/texlive/2024/texmf-dist/tex/latex/etoolbox/etoolbox.sty
Package: etoolbox 2020/10/05 v2.5k e-TeX tools for LaTeX (JAW)
\etb@tempcnta=\count271
) (c:/texlive/2024/texmf-dist/tex/generic/stringenc/stringenc.sty
Package: stringenc 2019/11/29 v1.12 Convert strings between diff. encodings (HO)
)
\@linkdim=\dimen144
\Hy@linkcounter=\count272
\Hy@pagecounter=\count273
 (c:/texlive/2024/texmf-dist/tex/latex/hyperref/pd1enc.def
File: pd1enc.def 2024-11-05 v7.01l Hyperref: PDFDocEncoding definition (HO)
Now handling font encoding PD1 ...
... no UTF-8 mapping file for font encoding PD1
) (c:/texlive/2024/texmf-dist/tex/generic/intcalc/intcalc.sty
Package: intcalc 2019/12/15 v1.3 Expandable calculations with integers (HO)
)
\Hy@SavedSpaceFactor=\count274
 (c:/texlive/2024/texmf-dist/tex/latex/hyperref/puenc.def
File: puenc.def 2024-11-05 v7.01l Hyperref: PDF Unicode definition (HO)
Now handling font encoding PU ...
... no UTF-8 mapping file for font encoding PU
)
Package hyperref Info: Hyper figures OFF on input line 4157.
Package hyperref Info: Link nesting OFF on input line 4162.
Package hyperref Info: Hyper index ON on input line 4165.
Package hyperref Info: Plain pages OFF on input line 4172.
Package hyperref Info: Backreferencing OFF on input line 4177.
Package hyperref Info: Implicit mode ON; LaTeX internals redefined.
Package hyperref Info: Bookmarks ON on input line 4424.
\c@Hy@tempcnt=\count275
 (c:/texlive/2024/texmf-dist/tex/latex/url/url.sty
\Urlmuskip=\muskip17
Package: url 2013/09/16  ver 3.4  Verb mode for urls, etc.
)
LaTeX Info: Redefining \url on input line 4763.
\XeTeXLinkMargin=\dimen145
 (c:/texlive/2024/texmf-dist/tex/generic/bitset/bitset.sty
Package: bitset 2019/12/09 v1.3 Handle bit-vector datatype (HO)
 (c:/texlive/2024/texmf-dist/tex/generic/bigintcalc/bigintcalc.sty
Package: bigintcalc 2019/12/15 v1.5 Expandable calculations on big integers (HO)
))
\Fld@menulength=\count276
\Field@Width=\dimen146
\Fld@charsize=\dimen147
Package hyperref Info: Hyper figures OFF on input line 6042.
Package hyperref Info: Link nesting OFF on input line 6047.
Package hyperref Info: Hyper index ON on input line 6050.
Package hyperref Info: backreferencing OFF on input line 6057.
Package hyperref Info: Link coloring OFF on input line 6062.
Package hyperref Info: Link coloring with OCG OFF on input line 6067.
Package hyperref Info: PDF/A mode OFF on input line 6072.
 (c:/texlive/2024/texmf-dist/tex/latex/base/atbegshi-ltx.sty
Package: atbegshi-ltx 2021/01/10 v1.0c Emulation of the original atbegshi
package with kernel methods
)
\Hy@abspage=\count277
\c@Item=\count278
\c@Hfootnote=\count279
)
Package hyperref Info: Driver (autodetected): hpdftex.
 (c:/texlive/2024/texmf-dist/tex/latex/hyperref/hpdftex.def
File: hpdftex.def 2024-11-05 v7.01l Hyperref driver for pdfTeX
 (c:/texlive/2024/texmf-dist/tex/latex/base/atveryend-ltx.sty
Package: atveryend-ltx 2020/08/19 v1.0a Emulation of the original atveryend package
with kernel methods
)
\Fld@listcount=\count280
\c@bookmark@seq@number=\count281
 (c:/texlive/2024/texmf-dist/tex/latex/rerunfilecheck/rerunfilecheck.sty
Package: rerunfilecheck 2022-07-10 v1.10 Rerun checks for auxiliary files (HO)
 (c:/texlive/2024/texmf-dist/tex/generic/uniquecounter/uniquecounter.sty
Package: uniquecounter 2019/12/15 v1.4 Provide unlimited unique counter (HO)
)
Package uniquecounter Info: New unique counter `rerunfilecheck' on input line 285.
)
\Hy@SectionHShift=\skip51
) (c:/texlive/2024/texmf-dist/tex/latex/setspace/setspace.sty
Package: setspace 2022/12/04 v6.7b set line spacing
) (c:/texlive/2024/texmf-dist/tex/latex/listings/listings.sty
\lst@mode=\count282
\lst@gtempboxa=\box52
\lst@token=\toks20
\lst@length=\count283
\lst@currlwidth=\dimen148
\lst@column=\count284
\lst@pos=\count285
\lst@lostspace=\dimen149
\lst@width=\dimen150
\lst@newlines=\count286
\lst@lineno=\count287
\lst@maxwidth=\dimen151
 (c:/texlive/2024/texmf-dist/tex/latex/listings/lstpatch.sty
File: lstpatch.sty 2024/09/23 1.10c (Carsten Heinz)
) (c:/texlive/2024/texmf-dist/tex/latex/listings/lstmisc.sty
File: lstmisc.sty 2024/09/23 1.10c (Carsten Heinz)
\c@lstnumber=\count288
\lst@skipnumbers=\count289
\lst@framebox=\box53
) (c:/texlive/2024/texmf-dist/tex/latex/listings/listings.cfg
File: listings.cfg 2024/09/23 1.10c listings configuration
))
Package: listings 2024/09/23 1.10c (Carsten Heinz)
 (c:/texlive/2024/texmf-dist/tex/latex/float/float.sty
Package: float 2001/11/08 v1.3d Float enhancements (AL)
\c@float@type=\count290
\float@exts=\toks21
\float@box=\box54
\@float@everytoks=\toks22
\@floatcapt=\box55
) (c:/texlive/2024/texmf-dist/tex/latex/caption/caption.sty
Package: caption 2023/08/05 v3.6o Customizing captions (AR)
 (c:/texlive/2024/texmf-dist/tex/latex/caption/caption3.sty
Package: caption3 2023/07/31 v2.4d caption3 kernel (AR)
\caption@tempdima=\dimen152
\captionmargin=\dimen153
\caption@leftmargin=\dimen154
\caption@rightmargin=\dimen155
\caption@width=\dimen156
\caption@indent=\dimen157
\caption@parindent=\dimen158
\caption@hangindent=\dimen159
Package caption Info: Standard document class detected.
)
\c@caption@flags=\count291
\c@continuedfloat=\count292
Package caption Info: float package is loaded.
Package caption Info: hyperref package is loaded.
Package caption Info: listings package is loaded.
) (c:/texlive/2024/texmf-dist/tex/latex/geometry/geometry.sty
Package: geometry 2020/01/02 v5.9 Page Geometry
 (c:/texlive/2024/texmf-dist/tex/generic/iftex/ifvtex.sty
Package: ifvtex 2019/10/25 v1.7 ifvtex legacy package. Use iftex instead.
)
\Gm@cnth=\count293
\Gm@cntv=\count294
\c@Gm@tempcnt=\count295
\Gm@bindingoffset=\dimen160
\Gm@wd@mp=\dimen161
\Gm@odd@mp=\dimen162
\Gm@even@mp=\dimen163
\Gm@layoutwidth=\dimen164
\Gm@layoutheight=\dimen165
\Gm@layouthoffset=\dimen166
\Gm@layoutvoffset=\dimen167
\Gm@dimlist=\toks23
) (c:/texlive/2024/texmf-dist/tex/latex/xcolor/xcolor.sty
Package: xcolor 2024/09/29 v3.02 LaTeX color extensions (UK)
 (c:/texlive/2024/texmf-dist/tex/latex/graphics-cfg/color.cfg
File: color.cfg 2016/01/02 v1.6 sample color configuration
)
Package xcolor Info: Driver file: pdftex.def on input line 274.
 (c:/texlive/2024/texmf-dist/tex/latex/graphics/mathcolor.ltx)
Package xcolor Info: Model `cmy' substituted by `cmy0' on input line 1349.
Package xcolor Info: Model `hsb' substituted by `rgb' on input line 1353.
Package xcolor Info: Model `RGB' extended on input line 1365.
Package xcolor Info: Model `HTML' substituted by `rgb' on input line 1367.
Package xcolor Info: Model `Hsb' substituted by `hsb' on input line 1368.
Package xcolor Info: Model `tHsb' substituted by `hsb' on input line 1369.
Package xcolor Info: Model `HSB' substituted by `hsb' on input line 1370.
Package xcolor Info: Model `Gray' substituted by `gray' on input line 1371.
Package xcolor Info: Model `wave' substituted by `hsb' on input line 1372.
) (c:/texlive/2024/texmf-dist/tex/latex/caption/subcaption.sty
Package: subcaption 2023/07/28 v1.6b Sub-captions (AR)
Package caption Info: New subtype `subfigure' on input line 238.
\c@subfigure=\count296
Package caption Info: New subtype `subtable' on input line 238.
\c@subtable=\count297
) (c:/texlive/2024/texmf-dist/tex/latex/listings/lstlang1.sty
File: lstlang1.sty 2024/09/23 1.10c listings language file
)
Package hyperref Info: Option `colorlinks' set `true' on input line 32.
 (c:/texlive/2024/texmf-dist/tex/latex/l3backend/l3backend-pdftex.def
File: l3backend-pdftex.def 2024-05-08 L3 backend support: PDF output (pdfTeX)
\l__color_backend_stack_int=\count298
\l__pdf_internal_box=\box56
) (./main.aux)
\openout1 = `main.aux'.

LaTeX Font Info:    Checking defaults for OML/cmm/m/it on input line 42.
LaTeX Font Info:    ... okay on input line 42.
LaTeX Font Info:    Checking defaults for OMS/cmsy/m/n on input line 42.
LaTeX Font Info:    ... okay on input line 42.
LaTeX Font Info:    Checking defaults for OT1/cmr/m/n on input line 42.
LaTeX Font Info:    ... okay on input line 42.
LaTeX Font Info:    Checking defaults for T1/cmr/m/n on input line 42.
LaTeX Font Info:    ... okay on input line 42.
LaTeX Font Info:    Checking defaults for TS1/cmr/m/n on input line 42.
LaTeX Font Info:    ... okay on input line 42.
LaTeX Font Info:    Checking defaults for OMX/cmex/m/n on input line 42.
LaTeX Font Info:    ... okay on input line 42.
LaTeX Font Info:    Checking defaults for U/cmr/m/n on input line 42.
LaTeX Font Info:    ... okay on input line 42.
LaTeX Font Info:    Checking defaults for PD1/pdf/m/n on input line 42.
LaTeX Font Info:    ... okay on input line 42.
LaTeX Font Info:    Checking defaults for PU/pdf/m/n on input line 42.
LaTeX Font Info:    ... okay on input line 42.
 (c:/texlive/2024/texmf-dist/tex/context/base/mkii/supp-pdf.mkii
[Loading MPS to PDF converter (version 2006.09.02).]
\scratchcounter=\count299
\scratchdimen=\dimen168
\scratchbox=\box57
\nofMPsegments=\count300
\nofMParguments=\count301
\everyMPshowfont=\toks24
\MPscratchCnt=\count302
\MPscratchDim=\dimen169
\MPnumerator=\count303
\makeMPintoPDFobject=\count304
\everyMPtoPDFconversion=\toks25
) (c:/texlive/2024/texmf-dist/tex/latex/epstopdf-pkg/epstopdf-base.sty
Package: epstopdf-base 2020-01-24 v2.11 Base part for package epstopdf
Package epstopdf-base Info: Redefining graphics rule for `.eps' on input line 485.
 (c:/texlive/2024/texmf-dist/tex/latex/latexconfig/epstopdf-sys.cfg
File: epstopdf-sys.cfg 2010/07/13 v1.3 Configuration of (r)epstopdf for TeX Live
))
Package hyperref Info: Link coloring ON on input line 42.
\@outlinefile=\write3
\openout3 = `main.out'.

\c@lstlisting=\count305
Package caption Info: Begin \AtBeginDocument code.
Package caption Info: End \AtBeginDocument code.

*geometry* driver: auto-detecting
*geometry* detected driver: pdftex
*geometry* verbose mode - [ preamble ] result:
* driver: pdftex
* paper: a4paper
* layout: <same size as paper>
* layoutoffset:(h,v)=(0.0pt,0.0pt)
* modes: 
* h-part:(L,W,R)=(72.26999pt, 452.9679pt, 72.26999pt)
* v-part:(T,H,B)=(72.26999pt, 700.50687pt, 72.26999pt)
* \paperwidth=597.50787pt
* \paperheight=845.04684pt
* \textwidth=452.9679pt
* \textheight=700.50687pt
* \oddsidemargin=0.0pt
* \evensidemargin=0.0pt
* \topmargin=-37.0pt
* \headheight=12.0pt
* \headsep=25.0pt
* \topskip=10.0pt
* \footskip=30.0pt
* \marginparwidth=65.0pt
* \marginparsep=11.0pt
* \columnsep=10.0pt
* \skip\footins=9.0pt plus 4.0pt minus 2.0pt
* \hoffset=0.0pt
* \voffset=0.0pt
* \mag=1000
* \@twocolumnfalse
* \@twosidefalse
* \@mparswitchfalse
* \@reversemarginfalse
* (1in=72.27pt=25.4mm, 1cm=28.453pt)

LaTeX Font Info:    External font `cmex10' loaded for size
(Font)              <12> on input line 46.
LaTeX Font Info:    External font `cmex10' loaded for size
(Font)              <8> on input line 46.
LaTeX Font Info:    External font `cmex10' loaded for size
(Font)              <6> on input line 46.
No file main.toc.
\tf@toc=\write4
\openout4 = `main.toc'.



[1

{c:/texlive/2024/texmf-var/fonts/map/pdftex/updmap/pdftex.map}]

[2{c:/texlive/2024/texmf-dist/fonts/enc/dvips/cm-super/cm-super-ts1.enc}]
<D:/Masterarbeit/2.Versuch/Result/Bar Chart.png, id=48, 867.24pt x 433.62pt>
File: D:/Masterarbeit/2.Versuch/Result/Bar Chart.png Graphic file (type png)
<use D:/Masterarbeit/2.Versuch/Result/Bar Chart.png>
Package pdftex.def Info: D:/Masterarbeit/2.Versuch/Result/Bar Chart.png  used on input line 132.
(pdftex.def)             Requested size: 433.61894pt x 216.80946pt.
<D:/Masterarbeit/2.Versuch/Result/Bar Chart Total Times.png, id=50, 722.7pt x 433.62pt>
File: D:/Masterarbeit/2.Versuch/Result/Bar Chart Total Times.png Graphic file (type png)
<use D:/Masterarbeit/2.Versuch/Result/Bar Chart Total Times.png>
Package pdftex.def Info: D:/Masterarbeit/2.Versuch/Result/Bar Chart Total Times.png  used on input line 142.
(pdftex.def)             Requested size: 361.3491pt x 216.80946pt.


[3 <d:/Masterarbeit/2.Versuch/Result/Bar Chart.png> <d:/Masterarbeit/2.Versuch/Result/Bar Chart Total Times.png>]
<D:/Masterarbeit/2.Versuch/Result/Boxplot.png, id=62, 867.24pt x 578.16pt>
File: D:/Masterarbeit/2.Versuch/Result/Boxplot.png Graphic file (type png)
<use D:/Masterarbeit/2.Versuch/Result/Boxplot.png>
Package pdftex.def Info: D:/Masterarbeit/2.Versuch/Result/Boxplot.png  used on input line 153.
(pdftex.def)             Requested size: 433.61894pt x 289.07928pt.


[4 <d:/Masterarbeit/2.Versuch/Result/Boxplot.png>]

LaTeX Warning: File `D:/Masterarbeit/2.Versuch/Result/RNAz/RNAz_Boxplot_pvalue.png' not found on input line 166.


d:/Masterarbeit/2.Versuch/Text/main.tex:166: Package pdftex.def Error: File `D:/Masterarbeit/2.Versuch/Result/RNAz/RNAz_Boxplot_pvalue.png' not found: using draft setting.

See the pdftex.def package documentation for explanation.
Type  H <return>  for immediate help.
 ...                                              
                                                  
l.166 ...such/Result/RNAz/RNAz_Boxplot_pvalue.png}
                                                  
Try typing  <return>  to proceed.
If that doesn't work, type  X <return>  to quit.



[5

]

LaTeX Warning: File `D:/Masterarbeit/2.Versuch/Result/SISSIz/Boxplot z-score.png' not found on input line 184.


d:/Masterarbeit/2.Versuch/Text/main.tex:184: Package pdftex.def Error: File `D:/Masterarbeit/2.Versuch/Result/SISSIz/Boxplot z-score.png' not found: using draft setting.

See the pdftex.def package documentation for explanation.
Type  H <return>  for immediate help.
 ...                                              
                                                  
l.184 ...ersuch/Result/SISSIz/Boxplot z-score.png}
                                                  
Try typing  <return>  to proceed.
If that doesn't work, type  X <return>  to quit.



[6

]

LaTeX Warning: File `D:/Masterarbeit/2.Versuch/Data/Pipeline Diagramm.png' not found on input line 233.


d:/Masterarbeit/2.Versuch/Text/main.tex:233: Package pdftex.def Error: File `D:/Masterarbeit/2.Versuch/Data/Pipeline Diagramm.png' not found: using draft setting.

See the pdftex.def package documentation for explanation.
Type  H <return>  for immediate help.
 ...                                              
                                                  
l.233 ...eit/2.Versuch/Data/Pipeline Diagramm.png}
                                                  
Try typing  <return>  to proceed.
If that doesn't work, type  X <return>  to quit.



[7

]

[8]

[9]
Underfull \hbox (badness 10000) in paragraph at lines 306--307

 []


Underfull \hbox (badness 10000) in paragraph at lines 309--310

 []


Underfull \hbox (badness 10000) in paragraph at lines 313--316

 []


Underfull \hbox (badness 10000) in paragraph at lines 319--321

 []


Underfull \hbox (badness 10000) in paragraph at lines 330--331

 []


Underfull \hbox (badness 10000) in paragraph at lines 335--338

 []



[10

]
Underfull \hbox (badness 10000) in paragraph at lines 341--343

 []


Underfull \hbox (badness 10000) in paragraph at lines 346--348

 []


Underfull \hbox (badness 10000) in paragraph at lines 351--353

 []


Underfull \hbox (badness 10000) in paragraph at lines 356--358

 []


Underfull \hbox (badness 10000) in paragraph at lines 361--363

 []


Overfull \hbox (23.25494pt too wide) in paragraph at lines 366--368
[]\OT1/cmr/m/n/12 Jaswinder Singh: jaswinder.singh3@griffithuni.edu.au Yaoqi Zhou: yaoqi.zhou@griffith.edu.au 
 []


Underfull \hbox (badness 10000) in paragraph at lines 366--368

 []



[11]
Underfull \hbox (badness 10000) in paragraph at lines 374--375

 []


Underfull \hbox (badness 10000) in paragraph at lines 377--378

 []


Underfull \hbox (badness 10000) in paragraph at lines 381--384

 []


Underfull \hbox (badness 10000) in paragraph at lines 387--389

 []


Underfull \hbox (badness 10000) in paragraph at lines 392--398

 []


Underfull \hbox (badness 10000) in paragraph at lines 401--404

 []


Underfull \hbox (badness 10000) in paragraph at lines 407--409

 []



[12

]

[13]
Underfull \hbox (badness 10000) in paragraph at lines 415--416

 []


Underfull \hbox (badness 10000) in paragraph at lines 418--419

 []


Underfull \hbox (badness 10000) in paragraph at lines 422--425

 []


Underfull \hbox (badness 10000) in paragraph at lines 428--430

 []


Underfull \hbox (badness 10000) in paragraph at lines 433--436

 []


Underfull \hbox (badness 10000) in paragraph at lines 439--440

 []



[14

]
Underfull \hbox (badness 10000) in paragraph at lines 445--446

 []


Underfull \hbox (badness 10000) in paragraph at lines 447--448

 []


Underfull \hbox (badness 10000) in paragraph at lines 449--450

 []


Underfull \hbox (badness 10000) in paragraph at lines 451--452

 []


Underfull \hbox (badness 10000) in paragraph at lines 453--454

 []



[15

]
Overfull \hbox (0.56656pt too wide) in paragraph at lines 457--457
[]\OT1/cmr/bx/n/14.4 Evolutionary con-ser-va-tion of RNA se-quence and struc-ture[][][5][][] 
 []


Underfull \hbox (badness 10000) in paragraph at lines 459--460

 []


Underfull \hbox (badness 10000) in paragraph at lines 462--463

 []


Underfull \hbox (badness 10000) in paragraph at lines 465--466

 []


Underfull \hbox (badness 10000) in paragraph at lines 468--469

 []


Underfull \hbox (badness 10000) in paragraph at lines 471--472

 []



[16

]
Underfull \hbox (badness 10000) in paragraph at lines 474--475

 []



[17]
Underfull \hbox (badness 10000) in paragraph at lines 480--481

 []


Underfull \hbox (badness 10000) in paragraph at lines 484--485

 []


Overfull \hbox (13.92448pt too wide) in paragraph at lines 488--489
[]\OT1/cmr/m/n/12 sincFold em-ploys a two-stage deep learn-ing ar-chi-tec-ture that in-te-grates both one-dimensional
 []


Underfull \hbox (badness 10000) in paragraph at lines 488--489

 []


Underfull \hbox (badness 10000) in paragraph at lines 495--497

 []


Overfull \hbox (2.39267pt too wide) in paragraph at lines 501--502
[]\OT1/cmr/m/n/12 Extensive ex-per-i-ments were con-ducted us-ing sev-eral bench-mark datasets, in-clud-ing RNAs-
 []


Underfull \hbox (badness 10000) in paragraph at lines 501--502

 []



[18

]
Underfull \hbox (badness 10000) in paragraph at lines 505--506

 []


Underfull \hbox (badness 10000) in paragraph at lines 509--510

 []



[19]
Overfull \hbox (87.55739pt too wide) in paragraph at lines 536--537
[][][]$\OT1/cmtt/m/n/12 https : / / www . mcb . harvard . edu / department / news / mcb-[]welcomes-[]sean-[]eddy-[]and-[]elena-[]rivas/$[][] 
 []



[20

]

[21]
Overfull \hbox (12.34827pt too wide) in paragraph at lines 562--562
[]\OT1/cmr/bx/n/14.4 Comparative ge-nomics iden-ti-fies thou-sands of can-di-date struc-
 []


Underfull \hbox (badness 10000) in paragraph at lines 565--566

 []


Underfull \hbox (badness 10000) in paragraph at lines 568--569

 []


Underfull \hbox (badness 10000) in paragraph at lines 571--572

 []


Underfull \hbox (badness 10000) in paragraph at lines 574--575

 []



[22

]
Underfull \hbox (badness 10000) in paragraph at lines 581--582

 []


Underfull \hbox (badness 10000) in paragraph at lines 584--585

 []


Underfull \hbox (badness 10000) in paragraph at lines 587--588

 []


Underfull \hbox (badness 10000) in paragraph at lines 590--591

 []


Underfull \hbox (badness 10000) in paragraph at lines 593--594

 []



[23

]
Underfull \hbox (badness 10000) in paragraph at lines 600--601

 []


Underfull \hbox (badness 10000) in paragraph at lines 603--604

 []


Underfull \hbox (badness 10000) in paragraph at lines 606--607

 []


Underfull \hbox (badness 10000) in paragraph at lines 609--610

 []



[24

]
LaTeX Font Info:    Font shape `OT1/cmtt/bx/n' in size <9> not available
(Font)              Font shape `OT1/cmtt/m/n' tried instead on input line 633.


[25]
d:/Masterarbeit/2.Versuch/Text/main.tex:686: Missing $ inserted.
<inserted text> 
                $
l.686 ...0 decision trees is then created. random_
                                                  state=42 ensures reproduci...
I've inserted a begin-math/end-math symbol since I think
you left one out. Proceed, with fingers crossed.

d:/Masterarbeit/2.Versuch/Text/main.tex:687: Missing $ inserted.
<inserted text> 
                $
l.687 
      
I've inserted a begin-math/end-math symbol since I think
you left one out. Proceed, with fingers crossed.

d:/Masterarbeit/2.Versuch/Text/main.tex:695: Missing $ inserted.
<inserted text> 
                $
l.695 ...erfitting. Both the predicted classes (y_
                                                  pred) and the probabilitie...
I've inserted a begin-math/end-math symbol since I think
you left one out. Proceed, with fingers crossed.

d:/Masterarbeit/2.Versuch/Text/main.tex:696: Missing $ inserted.
<inserted text> 
                $
l.696 
      
I've inserted a begin-math/end-math symbol since I think
you left one out. Proceed, with fingers crossed.


Underfull \hbox (badness 10000) in paragraph at lines 710--711

 []



[26]

[27]

[28]

LaTeX Warning: File `Histogram SISSI vs SISSIz_mono.png' not found on input line 787.


d:/Masterarbeit/2.Versuch/Text/main.tex:787: Package pdftex.def Error: File `Histogram SISSI vs SISSIz_mono.png' not found: using draft setting.

See the pdftex.def package documentation for explanation.
Type  H <return>  for immediate help.
 ...                                              
                                                  
l.787 ...phics{Histogram SISSI vs SISSIz_mono.png}
                                                  
Try typing  <return>  to proceed.
If that doesn't work, type  X <return>  to quit.


LaTeX Warning: File `ROC-CURVE SISSI vs SISSIz_mono.png' not found on input line 793.


d:/Masterarbeit/2.Versuch/Text/main.tex:793: Package pdftex.def Error: File `ROC-CURVE SISSI vs SISSIz_mono.png' not found: using draft setting.

See the pdftex.def package documentation for explanation.
Type  H <return>  for immediate help.
 ...                                              
                                                  
l.793 ...phics{ROC-CURVE SISSI vs SISSIz_mono.png}
                                                  
Try typing  <return>  to proceed.
If that doesn't work, type  X <return>  to quit.



[29

]

LaTeX Warning: File `Histogram SISSI vs SISSIz_di.png' not found on input line 822.


d:/Masterarbeit/2.Versuch/Text/main.tex:822: Package pdftex.def Error: File `Histogram SISSI vs SISSIz_di.png' not found: using draft setting.

See the pdftex.def package documentation for explanation.
Type  H <return>  for immediate help.
 ...                                              
                                                  
l.822 ...raphics{Histogram SISSI vs SISSIz_di.png}
                                                  
Try typing  <return>  to proceed.
If that doesn't work, type  X <return>  to quit.


LaTeX Warning: File `ROC-CURVE SISSI vs SISSIz_di.png' not found on input line 828.


d:/Masterarbeit/2.Versuch/Text/main.tex:828: Package pdftex.def Error: File `ROC-CURVE SISSI vs SISSIz_di.png' not found: using draft setting.

See the pdftex.def package documentation for explanation.
Type  H <return>  for immediate help.
 ...                                              
                                                  
l.828 ...raphics{ROC-CURVE SISSI vs SISSIz_di.png}
                                                  
Try typing  <return>  to proceed.
If that doesn't work, type  X <return>  to quit.



[30

]

LaTeX Warning: File `Histogram SISSI vs MULTIPERM_mono.png' not found on input line 857.


d:/Masterarbeit/2.Versuch/Text/main.tex:857: Package pdftex.def Error: File `Histogram SISSI vs MULTIPERM_mono.png' not found: using draft setting.

See the pdftex.def package documentation for explanation.
Type  H <return>  for immediate help.
 ...                                              
                                                  
l.857 ...cs{Histogram SISSI vs MULTIPERM_mono.png}
                                                  
Try typing  <return>  to proceed.
If that doesn't work, type  X <return>  to quit.


LaTeX Warning: File `ROC-CURVE SISSI vs MULTIPERM_mono.png' not found on input line 863.


d:/Masterarbeit/2.Versuch/Text/main.tex:863: Package pdftex.def Error: File `ROC-CURVE SISSI vs MULTIPERM_mono.png' not found: using draft setting.

See the pdftex.def package documentation for explanation.
Type  H <return>  for immediate help.
 ...                                              
                                                  
l.863 ...cs{ROC-CURVE SISSI vs MULTIPERM_mono.png}
                                                  
Try typing  <return>  to proceed.
If that doesn't work, type  X <return>  to quit.



[31

]

LaTeX Warning: File `Histogram SISSI vs MULTIPERM_di.png' not found on input line 893.


d:/Masterarbeit/2.Versuch/Text/main.tex:893: Package pdftex.def Error: File `Histogram SISSI vs MULTIPERM_di.png' not found: using draft setting.

See the pdftex.def package documentation for explanation.
Type  H <return>  for immediate help.
 ...                                              
                                                  
l.893 ...hics{Histogram SISSI vs MULTIPERM_di.png}
                                                  
Try typing  <return>  to proceed.
If that doesn't work, type  X <return>  to quit.


LaTeX Warning: File `ROC-CURVE SISSI vs MULTIPERM_di.png' not found on input line 899.


d:/Masterarbeit/2.Versuch/Text/main.tex:899: Package pdftex.def Error: File `ROC-CURVE SISSI vs MULTIPERM_di.png' not found: using draft setting.

See the pdftex.def package documentation for explanation.
Type  H <return>  for immediate help.
 ...                                              
                                                  
l.899 ...hics{ROC-CURVE SISSI vs MULTIPERM_di.png}
                                                  
Try typing  <return>  to proceed.
If that doesn't work, type  X <return>  to quit.



[32

]

LaTeX Warning: File `Histogram SISSI vs ALN-SHUFFLE.png' not found on input line 928.


d:/Masterarbeit/2.Versuch/Text/main.tex:928: Package pdftex.def Error: File `Histogram SISSI vs ALN-SHUFFLE.png' not found: using draft setting.

See the pdftex.def package documentation for explanation.
Type  H <return>  for immediate help.
 ...                                              
                                                  
l.928 ...phics{Histogram SISSI vs ALN-SHUFFLE.png}
                                                  
Try typing  <return>  to proceed.
If that doesn't work, type  X <return>  to quit.


LaTeX Warning: File `ROC-CURVE SISSI vs ALN-SHUFFLE.png' not found on input line 934.


d:/Masterarbeit/2.Versuch/Text/main.tex:934: Package pdftex.def Error: File `ROC-CURVE SISSI vs ALN-SHUFFLE.png' not found: using draft setting.

See the pdftex.def package documentation for explanation.
Type  H <return>  for immediate help.
 ...                                              
                                                  
l.934 ...phics{ROC-CURVE SISSI vs ALN-SHUFFLE.png}
                                                  
Try typing  <return>  to proceed.
If that doesn't work, type  X <return>  to quit.



[33

]

[34

]
Underfull \hbox (badness 10000) in paragraph at lines 976--977

 []



[35

]
Underfull \hbox (badness 10000) in paragraph at lines 986--987

 []


LaTeX Warning: File `Boxplot SISSIz z-score.png' not found on input line 1009.


d:/Masterarbeit/2.Versuch/Text/main.tex:1009: Package pdftex.def Error: File `Boxplot SISSIz z-score.png' not found: using draft setting.

See the pdftex.def package documentation for explanation.
Type  H <return>  for immediate help.
 ...                                              
                                                  
l.1009 ...s[scale=0.7]{Boxplot SISSIz z-score.png}
                                                  
Try typing  <return>  to proceed.
If that doesn't work, type  X <return>  to quit.


LaTeX Warning: File `SISSIz_Histogram_SISSI_vs_SISSIz_MONO.png' not found on input line 1020.


d:/Masterarbeit/2.Versuch/Text/main.tex:1020: Package pdftex.def Error: File `SISSIz_Histogram_SISSI_vs_SISSIz_MONO.png' not found: using draft setting.

See the pdftex.def package documentation for explanation.
Type  H <return>  for immediate help.
 ...                                              
                                                  
l.1020 ...SSIz_Histogram_SISSI_vs_SISSIz_MONO.png}
                                                  
Try typing  <return>  to proceed.
If that doesn't work, type  X <return>  to quit.


LaTeX Warning: File `SISSIz_Histogram_SISSI_vs_SISSIZ_DI.png' not found on input line 1025.


d:/Masterarbeit/2.Versuch/Text/main.tex:1025: Package pdftex.def Error: File `SISSIz_Histogram_SISSI_vs_SISSIZ_DI.png' not found: using draft setting.

See the pdftex.def package documentation for explanation.
Type  H <return>  for immediate help.
 ...                                              
                                                  
l.1025 ...SISSIz_Histogram_SISSI_vs_SISSIZ_DI.png}
                                                  
Try typing  <return>  to proceed.
If that doesn't work, type  X <return>  to quit.


LaTeX Warning: File `SISSIz_Histogram_SISSI_vs_MULTIPERM_MONO.png' not found on input line 1031.


d:/Masterarbeit/2.Versuch/Text/main.tex:1031: Package pdftex.def Error: File `SISSIz_Histogram_SISSI_vs_MULTIPERM_MONO.png' not found: using draft setting.

See the pdftex.def package documentation for explanation.
Type  H <return>  for immediate help.
 ...                                              
                                                  
l.1031 ...z_Histogram_SISSI_vs_MULTIPERM_MONO.png}
                                                  
Try typing  <return>  to proceed.
If that doesn't work, type  X <return>  to quit.


LaTeX Warning: File `SISSIz_Histogram_SISSI_vs_MULTIPERM_DI.png' not found on input line 1036.


d:/Masterarbeit/2.Versuch/Text/main.tex:1036: Package pdftex.def Error: File `SISSIz_Histogram_SISSI_vs_MULTIPERM_DI.png' not found: using draft setting.

See the pdftex.def package documentation for explanation.
Type  H <return>  for immediate help.
 ...                                              
                                                  
l.1036 ...SIz_Histogram_SISSI_vs_MULTIPERM_DI.png}
                                                  
Try typing  <return>  to proceed.
If that doesn't work, type  X <return>  to quit.


LaTeX Warning: File `SISSIz_Histogram_SISSI_vs_ALN-SHUFFLE.png' not found on input line 1042.


d:/Masterarbeit/2.Versuch/Text/main.tex:1042: Package pdftex.def Error: File `SISSIz_Histogram_SISSI_vs_ALN-SHUFFLE.png' not found: using draft setting.

See the pdftex.def package documentation for explanation.
Type  H <return>  for immediate help.
 ...                                              
                                                  
l.1042 ...SSIz_Histogram_SISSI_vs_ALN-SHUFFLE.png}
                                                  
Try typing  <return>  to proceed.
If that doesn't work, type  X <return>  to quit.



[36]

[37]
Overfull \vbox (72.38211pt too high) has occurred while \output is active []



[38]

LaTeX Warning: File `SISSIz_Confusion_Matrix_SISSI_vs_SISSIz_MONO.png' not found on input line 1056.


d:/Masterarbeit/2.Versuch/Text/main.tex:1056: Package pdftex.def Error: File `SISSIz_Confusion_Matrix_SISSI_vs_SISSIz_MONO.png' not found: using draft setting.

See the pdftex.def package documentation for explanation.
Type  H <return>  for immediate help.
 ...                                              
                                                  
l.1056 ...nfusion_Matrix_SISSI_vs_SISSIz_MONO.png}
                                                  
Try typing  <return>  to proceed.
If that doesn't work, type  X <return>  to quit.


LaTeX Warning: File `SISSIz_Confusion_Matrix_SISSI_vs_SISSIZ_DI.png' not found on input line 1061.


d:/Masterarbeit/2.Versuch/Text/main.tex:1061: Package pdftex.def Error: File `SISSIz_Confusion_Matrix_SISSI_vs_SISSIZ_DI.png' not found: using draft setting.

See the pdftex.def package documentation for explanation.
Type  H <return>  for immediate help.
 ...                                              
                                                  
l.1061 ...Confusion_Matrix_SISSI_vs_SISSIZ_DI.png}
                                                  
Try typing  <return>  to proceed.
If that doesn't work, type  X <return>  to quit.


LaTeX Warning: File `SISSIz_Confusion_Matrix_SISSI_vs_MULTIPERM_MONO.png' not found on input line 1067.


d:/Masterarbeit/2.Versuch/Text/main.tex:1067: Package pdftex.def Error: File `SISSIz_Confusion_Matrix_SISSI_vs_MULTIPERM_MONO.png' not found: using draft setting.

See the pdftex.def package documentation for explanation.
Type  H <return>  for immediate help.
 ...                                              
                                                  
l.1067 ...sion_Matrix_SISSI_vs_MULTIPERM_MONO.png}
                                                  
Try typing  <return>  to proceed.
If that doesn't work, type  X <return>  to quit.


LaTeX Warning: File `SISSIz_Confusion_Matrix_SISSI_vs_MULTIPERM_DI.png' not found on input line 1072.


d:/Masterarbeit/2.Versuch/Text/main.tex:1072: Package pdftex.def Error: File `SISSIz_Confusion_Matrix_SISSI_vs_MULTIPERM_DI.png' not found: using draft setting.

See the pdftex.def package documentation for explanation.
Type  H <return>  for immediate help.
 ...                                              
                                                  
l.1072 ...fusion_Matrix_SISSI_vs_MULTIPERM_DI.png}
                                                  
Try typing  <return>  to proceed.
If that doesn't work, type  X <return>  to quit.


LaTeX Warning: File `SISSIz_Confusion_Matrix_SISSI_vs_ALN-SHUFFLE.png' not found on input line 1078.


d:/Masterarbeit/2.Versuch/Text/main.tex:1078: Package pdftex.def Error: File `SISSIz_Confusion_Matrix_SISSI_vs_ALN-SHUFFLE.png' not found: using draft setting.

See the pdftex.def package documentation for explanation.
Type  H <return>  for immediate help.
 ...                                              
                                                  
l.1078 ...nfusion_Matrix_SISSI_vs_ALN-SHUFFLE.png}
                                                  
Try typing  <return>  to proceed.
If that doesn't work, type  X <return>  to quit.



[39]

[40]
Overfull \vbox (70.0488pt too high) has occurred while \output is active []



[41]

LaTeX Warning: File `SISSIz_ROC_Curve_SISSI_vs_SISSIz_MONO.png' not found on input line 1103.


d:/Masterarbeit/2.Versuch/Text/main.tex:1103: Package pdftex.def Error: File `SISSIz_ROC_Curve_SISSI_vs_SISSIz_MONO.png' not found: using draft setting.

See the pdftex.def package documentation for explanation.
Type  H <return>  for immediate help.
 ...                                              
                                                  
l.1103 ...SSIz_ROC_Curve_SISSI_vs_SISSIz_MONO.png}
                                                  
Try typing  <return>  to proceed.
If that doesn't work, type  X <return>  to quit.


LaTeX Warning: File `SISSIz_ROC_Curve_SISSI_vs_SISSIZ_DI.png' not found on input line 1108.


d:/Masterarbeit/2.Versuch/Text/main.tex:1108: Package pdftex.def Error: File `SISSIz_ROC_Curve_SISSI_vs_SISSIZ_DI.png' not found: using draft setting.

See the pdftex.def package documentation for explanation.
Type  H <return>  for immediate help.
 ...                                              
                                                  
l.1108 ...SISSIz_ROC_Curve_SISSI_vs_SISSIZ_DI.png}
                                                  
Try typing  <return>  to proceed.
If that doesn't work, type  X <return>  to quit.


LaTeX Warning: File `SISSIz_ROC_Curve_SISSI_vs_MULTIPERM_MONO.png' not found on input line 1114.


d:/Masterarbeit/2.Versuch/Text/main.tex:1114: Package pdftex.def Error: File `SISSIz_ROC_Curve_SISSI_vs_MULTIPERM_MONO.png' not found: using draft setting.

See the pdftex.def package documentation for explanation.
Type  H <return>  for immediate help.
 ...                                              
                                                  
l.1114 ...z_ROC_Curve_SISSI_vs_MULTIPERM_MONO.png}
                                                  
Try typing  <return>  to proceed.
If that doesn't work, type  X <return>  to quit.


LaTeX Warning: File `SISSIz_ROC_Curve_SISSI_vs_MULTIPERM_DI.png' not found on input line 1119.


d:/Masterarbeit/2.Versuch/Text/main.tex:1119: Package pdftex.def Error: File `SISSIz_ROC_Curve_SISSI_vs_MULTIPERM_DI.png' not found: using draft setting.

See the pdftex.def package documentation for explanation.
Type  H <return>  for immediate help.
 ...                                              
                                                  
l.1119 ...SIz_ROC_Curve_SISSI_vs_MULTIPERM_DI.png}
                                                  
Try typing  <return>  to proceed.
If that doesn't work, type  X <return>  to quit.


LaTeX Warning: File `SISSIz_ROC_Curve_SISSI_vs_ALN-SHUFFLE.png' not found on input line 1125.


d:/Masterarbeit/2.Versuch/Text/main.tex:1125: Package pdftex.def Error: File `SISSIz_ROC_Curve_SISSI_vs_ALN-SHUFFLE.png' not found: using draft setting.

See the pdftex.def package documentation for explanation.
Type  H <return>  for immediate help.
 ...                                              
                                                  
l.1125 ...SSIz_ROC_Curve_SISSI_vs_ALN-SHUFFLE.png}
                                                  
Try typing  <return>  to proceed.
If that doesn't work, type  X <return>  to quit.



[42]

[43]
Overfull \vbox (70.0488pt too high) has occurred while \output is active []



[44]

[45]

LaTeX Warning: File `Boxplot Mxfold2 Score.png' not found on input line 1147.


d:/Masterarbeit/2.Versuch/Text/main.tex:1147: Package pdftex.def Error: File `Boxplot Mxfold2 Score.png' not found: using draft setting.

See the pdftex.def package documentation for explanation.
Type  H <return>  for immediate help.
 ...                                              
                                                  
l.1147 ...cs[scale=0.7]{Boxplot Mxfold2 Score.png}
                                                  
Try typing  <return>  to proceed.
If that doesn't work, type  X <return>  to quit.


LaTeX Warning: File `MXfold2_Histogram_SISSI_vs_SISSIz_MONO.png' not found on input line 1158.


d:/Masterarbeit/2.Versuch/Text/main.tex:1158: Package pdftex.def Error: File `MXfold2_Histogram_SISSI_vs_SISSIz_MONO.png' not found: using draft setting.

See the pdftex.def package documentation for explanation.
Type  H <return>  for immediate help.
 ...                                              
                                                  
l.1158 ...old2_Histogram_SISSI_vs_SISSIz_MONO.png}
                                                  
Try typing  <return>  to proceed.
If that doesn't work, type  X <return>  to quit.


LaTeX Warning: File `MXfold2_Histogram_SISSI_vs_SISSIz_DI.png' not found on input line 1163.


d:/Masterarbeit/2.Versuch/Text/main.tex:1163: Package pdftex.def Error: File `MXfold2_Histogram_SISSI_vs_SISSIz_DI.png' not found: using draft setting.

See the pdftex.def package documentation for explanation.
Type  H <return>  for immediate help.
 ...                                              
                                                  
l.1163 ...Xfold2_Histogram_SISSI_vs_SISSIz_DI.png}
                                                  
Try typing  <return>  to proceed.
If that doesn't work, type  X <return>  to quit.


LaTeX Warning: File `MXfold2_Histogram_SISSI_vs_MULTIPERM_MONO.png' not found on input line 1169.


d:/Masterarbeit/2.Versuch/Text/main.tex:1169: Package pdftex.def Error: File `MXfold2_Histogram_SISSI_vs_MULTIPERM_MONO.png' not found: using draft setting.

See the pdftex.def package documentation for explanation.
Type  H <return>  for immediate help.
 ...                                              
                                                  
l.1169 ...2_Histogram_SISSI_vs_MULTIPERM_MONO.png}
                                                  
Try typing  <return>  to proceed.
If that doesn't work, type  X <return>  to quit.


LaTeX Warning: File `MXfold2_Histogram_SISSI_vs_MULTIPERM_DI.png' not found on input line 1174.


d:/Masterarbeit/2.Versuch/Text/main.tex:1174: Package pdftex.def Error: File `MXfold2_Histogram_SISSI_vs_MULTIPERM_DI.png' not found: using draft setting.

See the pdftex.def package documentation for explanation.
Type  H <return>  for immediate help.
 ...                                              
                                                  
l.1174 ...ld2_Histogram_SISSI_vs_MULTIPERM_DI.png}
                                                  
Try typing  <return>  to proceed.
If that doesn't work, type  X <return>  to quit.


LaTeX Warning: File `MXfold2_Histogram_SISSI_vs_ALN-SHUFFLE.png' not found on input line 1180.


d:/Masterarbeit/2.Versuch/Text/main.tex:1180: Package pdftex.def Error: File `MXfold2_Histogram_SISSI_vs_ALN-SHUFFLE.png' not found: using draft setting.

See the pdftex.def package documentation for explanation.
Type  H <return>  for immediate help.
 ...                                              
                                                  
l.1180 ...old2_Histogram_SISSI_vs_ALN-SHUFFLE.png}
                                                  
Try typing  <return>  to proceed.
If that doesn't work, type  X <return>  to quit.



[46

]

[47]
Overfull \vbox (72.38211pt too high) has occurred while \output is active []



[48]

LaTeX Warning: File `MXfold2_Confusion_Matrix_SISSI_vs_SISSIz_MONO.png' not found on input line 1194.


d:/Masterarbeit/2.Versuch/Text/main.tex:1194: Package pdftex.def Error: File `MXfold2_Confusion_Matrix_SISSI_vs_SISSIz_MONO.png' not found: using draft setting.

See the pdftex.def package documentation for explanation.
Type  H <return>  for immediate help.
 ...                                              
                                                  
l.1194 ...nfusion_Matrix_SISSI_vs_SISSIz_MONO.png}
                                                  
Try typing  <return>  to proceed.
If that doesn't work, type  X <return>  to quit.


LaTeX Warning: File `MXfold2_Confusion_Matrix_SISSI_vs_SISSIZ_DI.png' not found on input line 1199.


d:/Masterarbeit/2.Versuch/Text/main.tex:1199: Package pdftex.def Error: File `MXfold2_Confusion_Matrix_SISSI_vs_SISSIZ_DI.png' not found: using draft setting.

See the pdftex.def package documentation for explanation.
Type  H <return>  for immediate help.
 ...                                              
                                                  
l.1199 ...Confusion_Matrix_SISSI_vs_SISSIZ_DI.png}
                                                  
Try typing  <return>  to proceed.
If that doesn't work, type  X <return>  to quit.


LaTeX Warning: File `MXfold2_Confusion_Matrix_SISSI_vs_MULTIPERM_MONO.png' not found on input line 1205.


d:/Masterarbeit/2.Versuch/Text/main.tex:1205: Package pdftex.def Error: File `MXfold2_Confusion_Matrix_SISSI_vs_MULTIPERM_MONO.png' not found: using draft setting.

See the pdftex.def package documentation for explanation.
Type  H <return>  for immediate help.
 ...                                              
                                                  
l.1205 ...sion_Matrix_SISSI_vs_MULTIPERM_MONO.png}
                                                  
Try typing  <return>  to proceed.
If that doesn't work, type  X <return>  to quit.


LaTeX Warning: File `MXfold2_Confusion_Matrix_SISSI_vs_MULTIPERM_DI.png' not found on input line 1210.


d:/Masterarbeit/2.Versuch/Text/main.tex:1210: Package pdftex.def Error: File `MXfold2_Confusion_Matrix_SISSI_vs_MULTIPERM_DI.png' not found: using draft setting.

See the pdftex.def package documentation for explanation.
Type  H <return>  for immediate help.
 ...                                              
                                                  
l.1210 ...fusion_Matrix_SISSI_vs_MULTIPERM_DI.png}
                                                  
Try typing  <return>  to proceed.
If that doesn't work, type  X <return>  to quit.


LaTeX Warning: File `MXfold2_Confusion_Matrix_SISSI_vs_ALN-SHUFFLE.png' not found on input line 1216.


d:/Masterarbeit/2.Versuch/Text/main.tex:1216: Package pdftex.def Error: File `MXfold2_Confusion_Matrix_SISSI_vs_ALN-SHUFFLE.png' not found: using draft setting.

See the pdftex.def package documentation for explanation.
Type  H <return>  for immediate help.
 ...                                              
                                                  
l.1216 ...nfusion_Matrix_SISSI_vs_ALN-SHUFFLE.png}
                                                  
Try typing  <return>  to proceed.
If that doesn't work, type  X <return>  to quit.



[49]

[50]
Overfull \vbox (70.0488pt too high) has occurred while \output is active []



[51]

LaTeX Warning: File `MXfold2_ROC_Curve_SISSI_vs_SISSIz_MONO.png' not found on input line 1232.


d:/Masterarbeit/2.Versuch/Text/main.tex:1232: Package pdftex.def Error: File `MXfold2_ROC_Curve_SISSI_vs_SISSIz_MONO.png' not found: using draft setting.

See the pdftex.def package documentation for explanation.
Type  H <return>  for immediate help.
 ...                                              
                                                  
l.1232 ...old2_ROC_Curve_SISSI_vs_SISSIz_MONO.png}
                                                  
Try typing  <return>  to proceed.
If that doesn't work, type  X <return>  to quit.


LaTeX Warning: File `MXfold2_ROC_Curve_SISSI_vs_SISSIz_DI.png' not found on input line 1237.


d:/Masterarbeit/2.Versuch/Text/main.tex:1237: Package pdftex.def Error: File `MXfold2_ROC_Curve_SISSI_vs_SISSIz_DI.png' not found: using draft setting.

See the pdftex.def package documentation for explanation.
Type  H <return>  for immediate help.
 ...                                              
                                                  
l.1237 ...Xfold2_ROC_Curve_SISSI_vs_SISSIz_DI.png}
                                                  
Try typing  <return>  to proceed.
If that doesn't work, type  X <return>  to quit.


LaTeX Warning: File `MXfold2_ROC_Curve_SISSI_vs_MULTIPERM_MONO.png' not found on input line 1243.


d:/Masterarbeit/2.Versuch/Text/main.tex:1243: Package pdftex.def Error: File `MXfold2_ROC_Curve_SISSI_vs_MULTIPERM_MONO.png' not found: using draft setting.

See the pdftex.def package documentation for explanation.
Type  H <return>  for immediate help.
 ...                                              
                                                  
l.1243 ...2_ROC_Curve_SISSI_vs_MULTIPERM_MONO.png}
                                                  
Try typing  <return>  to proceed.
If that doesn't work, type  X <return>  to quit.


LaTeX Warning: File `MXfold2_ROC_Curve_SISSI_vs_MULTIPERM_DI.png' not found on input line 1248.


d:/Masterarbeit/2.Versuch/Text/main.tex:1248: Package pdftex.def Error: File `MXfold2_ROC_Curve_SISSI_vs_MULTIPERM_DI.png' not found: using draft setting.

See the pdftex.def package documentation for explanation.
Type  H <return>  for immediate help.
 ...                                              
                                                  
l.1248 ...ld2_ROC_Curve_SISSI_vs_MULTIPERM_DI.png}
                                                  
Try typing  <return>  to proceed.
If that doesn't work, type  X <return>  to quit.


LaTeX Warning: File `MXfold2_ROC_Curve_SISSI_vs_ALN-SHUFFLE.png' not found on input line 1254.


d:/Masterarbeit/2.Versuch/Text/main.tex:1254: Package pdftex.def Error: File `MXfold2_ROC_Curve_SISSI_vs_ALN-SHUFFLE.png' not found: using draft setting.

See the pdftex.def package documentation for explanation.
Type  H <return>  for immediate help.
 ...                                              
                                                  
l.1254 ...old2_ROC_Curve_SISSI_vs_ALN-SHUFFLE.png}
                                                  
Try typing  <return>  to proceed.
If that doesn't work, type  X <return>  to quit.



[52]

[53]
Overfull \vbox (70.0488pt too high) has occurred while \output is active []



[54]

[55]

LaTeX Warning: File `Boxplot RNAz SVM RNA-class probability.png' not found on input line 1275.


d:/Masterarbeit/2.Versuch/Text/main.tex:1275: Package pdftex.def Error: File `Boxplot RNAz SVM RNA-class probability.png' not found: using draft setting.

See the pdftex.def package documentation for explanation.
Type  H <return>  for immediate help.
 ...                                              
                                                  
l.1275 ...plot RNAz SVM RNA-class probability.png}
                                                  
Try typing  <return>  to proceed.
If that doesn't work, type  X <return>  to quit.


LaTeX Warning: File `RNAz_Histogram_SISSI_vs_SISSIz_MONO.png' not found on input line 1286.


d:/Masterarbeit/2.Versuch/Text/main.tex:1286: Package pdftex.def Error: File `RNAz_Histogram_SISSI_vs_SISSIz_MONO.png' not found: using draft setting.

See the pdftex.def package documentation for explanation.
Type  H <return>  for immediate help.
 ...                                              
                                                  
l.1286 ...RNAz_Histogram_SISSI_vs_SISSIz_MONO.png}
                                                  
Try typing  <return>  to proceed.
If that doesn't work, type  X <return>  to quit.


LaTeX Warning: File `RNAz_Histogram_SISSI_vs_SISSIZ_DI.png' not found on input line 1291.


d:/Masterarbeit/2.Versuch/Text/main.tex:1291: Package pdftex.def Error: File `RNAz_Histogram_SISSI_vs_SISSIZ_DI.png' not found: using draft setting.

See the pdftex.def package documentation for explanation.
Type  H <return>  for immediate help.
 ...                                              
                                                  
l.1291 ...]{RNAz_Histogram_SISSI_vs_SISSIZ_DI.png}
                                                  
Try typing  <return>  to proceed.
If that doesn't work, type  X <return>  to quit.


LaTeX Warning: File `RNAz_Histogram_SISSI_vs_MULTIPERM_MONO.png' not found on input line 1297.


d:/Masterarbeit/2.Versuch/Text/main.tex:1297: Package pdftex.def Error: File `RNAz_Histogram_SISSI_vs_MULTIPERM_MONO.png' not found: using draft setting.

See the pdftex.def package documentation for explanation.
Type  H <return>  for immediate help.
 ...                                              
                                                  
l.1297 ...z_Histogram_SISSI_vs_MULTIPERM_MONO.png}
                                                  
Try typing  <return>  to proceed.
If that doesn't work, type  X <return>  to quit.


LaTeX Warning: File `RNAz_Histogram_SISSI_vs_MULTIPERM_DI.png' not found on input line 1302.


d:/Masterarbeit/2.Versuch/Text/main.tex:1302: Package pdftex.def Error: File `RNAz_Histogram_SISSI_vs_MULTIPERM_DI.png' not found: using draft setting.

See the pdftex.def package documentation for explanation.
Type  H <return>  for immediate help.
 ...                                              
                                                  
l.1302 ...NAz_Histogram_SISSI_vs_MULTIPERM_DI.png}
                                                  
Try typing  <return>  to proceed.
If that doesn't work, type  X <return>  to quit.


LaTeX Warning: File `RNAz_Histogram_SISSI_vs_ALN-SHUFFLE.png' not found on input line 1308.


d:/Masterarbeit/2.Versuch/Text/main.tex:1308: Package pdftex.def Error: File `RNAz_Histogram_SISSI_vs_ALN-SHUFFLE.png' not found: using draft setting.

See the pdftex.def package documentation for explanation.
Type  H <return>  for immediate help.
 ...                                              
                                                  
l.1308 ...RNAz_Histogram_SISSI_vs_ALN-SHUFFLE.png}
                                                  
Try typing  <return>  to proceed.
If that doesn't work, type  X <return>  to quit.



[56

]

[57]
Overfull \vbox (72.38211pt too high) has occurred while \output is active []



[58]

LaTeX Warning: File `RNAz_Confusion_Matrix_SISSI_vs_SISSIz_MONO.png' not found on input line 1322.


d:/Masterarbeit/2.Versuch/Text/main.tex:1322: Package pdftex.def Error: File `RNAz_Confusion_Matrix_SISSI_vs_SISSIz_MONO.png' not found: using draft setting.

See the pdftex.def package documentation for explanation.
Type  H <return>  for immediate help.
 ...                                              
                                                  
l.1322 ...nfusion_Matrix_SISSI_vs_SISSIz_MONO.png}
                                                  
Try typing  <return>  to proceed.
If that doesn't work, type  X <return>  to quit.


LaTeX Warning: File `RNAz_Confusion_Matrix_SISSI_vs_SISSIZ_DI.png' not found on input line 1327.


d:/Masterarbeit/2.Versuch/Text/main.tex:1327: Package pdftex.def Error: File `RNAz_Confusion_Matrix_SISSI_vs_SISSIZ_DI.png' not found: using draft setting.

See the pdftex.def package documentation for explanation.
Type  H <return>  for immediate help.
 ...                                              
                                                  
l.1327 ...Confusion_Matrix_SISSI_vs_SISSIZ_DI.png}
                                                  
Try typing  <return>  to proceed.
If that doesn't work, type  X <return>  to quit.


LaTeX Warning: File `RNAz_Confusion_Matrix_SISSI_vs_MULTIPERM_MONO.png' not found on input line 1333.


d:/Masterarbeit/2.Versuch/Text/main.tex:1333: Package pdftex.def Error: File `RNAz_Confusion_Matrix_SISSI_vs_MULTIPERM_MONO.png' not found: using draft setting.

See the pdftex.def package documentation for explanation.
Type  H <return>  for immediate help.
 ...                                              
                                                  
l.1333 ...sion_Matrix_SISSI_vs_MULTIPERM_MONO.png}
                                                  
Try typing  <return>  to proceed.
If that doesn't work, type  X <return>  to quit.


LaTeX Warning: File `RNAz_Confusion_Matrix_SISSI_vs_MULTIPERM_DI.png' not found on input line 1338.


d:/Masterarbeit/2.Versuch/Text/main.tex:1338: Package pdftex.def Error: File `RNAz_Confusion_Matrix_SISSI_vs_MULTIPERM_DI.png' not found: using draft setting.

See the pdftex.def package documentation for explanation.
Type  H <return>  for immediate help.
 ...                                              
                                                  
l.1338 ...fusion_Matrix_SISSI_vs_MULTIPERM_DI.png}
                                                  
Try typing  <return>  to proceed.
If that doesn't work, type  X <return>  to quit.


LaTeX Warning: File `RNAz_Confusion_Matrix_SISSI_vs_ALN-SHUFFLE.png' not found on input line 1344.


d:/Masterarbeit/2.Versuch/Text/main.tex:1344: Package pdftex.def Error: File `RNAz_Confusion_Matrix_SISSI_vs_ALN-SHUFFLE.png' not found: using draft setting.

See the pdftex.def package documentation for explanation.
Type  H <return>  for immediate help.
 ...                                              
                                                  
l.1344 ...nfusion_Matrix_SISSI_vs_ALN-SHUFFLE.png}
                                                  
Try typing  <return>  to proceed.
If that doesn't work, type  X <return>  to quit.



[59]

[60]
Overfull \vbox (70.0488pt too high) has occurred while \output is active []



[61]

LaTeX Warning: File `RNAz_ROC_Curve_SISSI_vs_SISSIz_MONO.png' not found on input line 1364.


d:/Masterarbeit/2.Versuch/Text/main.tex:1364: Package pdftex.def Error: File `RNAz_ROC_Curve_SISSI_vs_SISSIz_MONO.png' not found: using draft setting.

See the pdftex.def package documentation for explanation.
Type  H <return>  for immediate help.
 ...                                              
                                                  
l.1364 ...RNAz_ROC_Curve_SISSI_vs_SISSIz_MONO.png}
                                                  
Try typing  <return>  to proceed.
If that doesn't work, type  X <return>  to quit.


LaTeX Warning: File `RNAz_ROC_Curve_SISSI_vs_SISSIZ_DI.png' not found on input line 1370.


d:/Masterarbeit/2.Versuch/Text/main.tex:1370: Package pdftex.def Error: File `RNAz_ROC_Curve_SISSI_vs_SISSIZ_DI.png' not found: using draft setting.

See the pdftex.def package documentation for explanation.
Type  H <return>  for immediate help.
 ...                                              
                                                  
l.1370 ...]{RNAz_ROC_Curve_SISSI_vs_SISSIZ_DI.png}
                                                  
Try typing  <return>  to proceed.
If that doesn't work, type  X <return>  to quit.


LaTeX Warning: File `RNAz_ROC_Curve_SISSI_vs_MULTIPERM_MONO.png' not found on input line 1377.


d:/Masterarbeit/2.Versuch/Text/main.tex:1377: Package pdftex.def Error: File `RNAz_ROC_Curve_SISSI_vs_MULTIPERM_MONO.png' not found: using draft setting.

See the pdftex.def package documentation for explanation.
Type  H <return>  for immediate help.
 ...                                              
                                                  
l.1377 ...z_ROC_Curve_SISSI_vs_MULTIPERM_MONO.png}
                                                  
Try typing  <return>  to proceed.
If that doesn't work, type  X <return>  to quit.


LaTeX Warning: File `RNAz_ROC_Curve_SISSI_vs_MULTIPERM_DI.png' not found on input line 1383.


d:/Masterarbeit/2.Versuch/Text/main.tex:1383: Package pdftex.def Error: File `RNAz_ROC_Curve_SISSI_vs_MULTIPERM_DI.png' not found: using draft setting.

See the pdftex.def package documentation for explanation.
Type  H <return>  for immediate help.
 ...                                              
                                                  
l.1383 ...NAz_ROC_Curve_SISSI_vs_MULTIPERM_DI.png}
                                                  
Try typing  <return>  to proceed.
If that doesn't work, type  X <return>  to quit.


LaTeX Warning: File `RNAz_ROC_Curve_SISSI_vs_ALN-SHUFFLE.png' not found on input line 1390.


d:/Masterarbeit/2.Versuch/Text/main.tex:1390: Package pdftex.def Error: File `RNAz_ROC_Curve_SISSI_vs_ALN-SHUFFLE.png' not found: using draft setting.

See the pdftex.def package documentation for explanation.
Type  H <return>  for immediate help.
 ...                                              
                                                  
l.1390 ...RNAz_ROC_Curve_SISSI_vs_ALN-SHUFFLE.png}
                                                  
Try typing  <return>  to proceed.
If that doesn't work, type  X <return>  to quit.



[62]

[63]
Overfull \vbox (70.0488pt too high) has occurred while \output is active []



[64]

[65]
Overfull \hbox (21.02962pt too wide) in paragraph at lines 1411--1412
\OT1/cmr/m/n/12 For the pre-dic-tion of RNA sec-ondary struc-tures, I down-loaded the NCBI database \OT1/cmtt/m/n/12 nt-prok.\OMS/cmsy/m/n/12 ^^B
 []



[66

]

[67]

[68]

d:/Masterarbeit/2.Versuch/Text/main.tex:1494: LaTeX Error: Unicode character  (U+202F)
               not set up for use with LaTeX.

See the LaTeX manual or LaTeX Companion for explanation.
Type  H <return>  for immediate help.
 ...                                              
                                                  
l.1494 ...ich mittlerer hnlichkeiten (6080
                                                  % MPI) berlegen war, w...
You may provide a definition with
\DeclareUnicodeCharacter 


Overfull \hbox (0.4649pt too wide) in paragraph at lines 1500--1501
[]\OT1/cmr/m/n/12 Insgesamt zeigt ECS-finder, dass durch die Kom-bi-na-tion kom-ple-ment^^?arer Vorher-sagemeth-
 []


Overfull \hbox (20.54802pt too wide) in paragraph at lines 1502--1504
\OT1/cmr/m/n/12 verbessern, in-dem die kom-ple-ment^^?aren St^^?arken der beste-hen-den Meth-o-den durch maschinelles
 []



[69]

[70]
Overfull \hbox (21.27951pt too wide) in paragraph at lines 1515--1516
\OT1/cmr/m/n/12 Klap-proth et al. ein flex-i-bel ein-set-zbares, mod-u-lar aufge-bautes Machine-Learning-Framework,
 []


Overfull \hbox (7.97594pt too wide) in paragraph at lines 1517--1518
\OT1/cmr/m/n/12 | ist vollst^^?andig in Python 3 im-ple-men-tiert und un-terst^^?utzt Multiple-Sequence-Alignments
 []


d:/Masterarbeit/2.Versuch/Text/main.tex:1519: LaTeX Error: Unicode character  (U+202F)
               not set up for use with LaTeX.

See the LaTeX manual or LaTeX Companion for explanation.
Type  H <return>  for immediate help.
 ...                                              
                                                  
l.1519 ...ools wie RNAz Anwendung fanden  z.
                                                  B. Z-Score, Minimum Free E...
You may provide a definition with
\DeclareUnicodeCharacter 


d:/Masterarbeit/2.Versuch/Text/main.tex:1521: LaTeX Error: Unicode character  (U+202F)
               not set up for use with LaTeX.

See the LaTeX manual or LaTeX Companion for explanation.
Type  H <return>  for immediate help.
 ...                                              
                                                  
l.1521 ...g, deren genomische Eigenschaften (z.
                                                  B. Basenkomposition oder S...
You may provide a definition with
\DeclareUnicodeCharacter 



[71]

d:/Masterarbeit/2.Versuch/Text/main.tex:1525: LaTeX Error: Unicode character  (U+202F)
               not set up for use with LaTeX.

See the LaTeX manual or LaTeX Companion for explanation.
Type  H <return>  for immediate help.
 ...                                              
                                                  
l.1525 ... In einem kombinierten Ansatz (wie z.
                                                  B. in ECSfinder gezeigt), ...
You may provide a definition with
\DeclareUnicodeCharacter 


Overfull \hbox (25.47437pt too wide) in paragraph at lines 1527--1528
[]\OT1/cmr/m/n/12 Insgesamt bi-etet Svhip eine leis-tungsstarke und zukun-ftsweisende Plat-tform f^^?ur die genomweite
 []


d:/Masterarbeit/2.Versuch/Text/main.tex:1534: LaTeX Error: \begin{large} on input line 208 ended by \end{document}.

See the LaTeX manual or LaTeX Companion for explanation.
Type  H <return>  for immediate help.
 ...                                              
                                                  
l.1534 \end{document}
                     
Your command was ignored.
Type  I <command> <return>  to replace it with another command,
or  <return>  to continue without it.



[72] (./main.aux)
 ***********
LaTeX2e <2024-11-01> patch level 1
L3 programming layer <2024-12-09>
 ***********


LaTeX Warning: Label(s) may have changed. Rerun to get cross-references right.


Package rerunfilecheck Warning: File `main.out' has changed.
(rerunfilecheck)                Rerun to get outlines right
(rerunfilecheck)                or use package `bookmark'.

Package rerunfilecheck Info: Checksums for `main.out':
(rerunfilecheck)             Before: <no file>
(rerunfilecheck)             After:  8CA086A905F9D551CBE8ABA7992493A4;14739.
 )
(\end occurred inside a group at level 2)

### semi simple group (level 2) entered at line 208 (\begingroup)
### semi simple group (level 1) entered at line 43 (\begingroup)
### bottom level 
Here is how much of TeX's memory you used:
 15060 strings out of 473253
 301077 string characters out of 5722051
 1084589 words of memory out of 5000000
 37796 multiletter control sequences out of 15000+600000
 564288 words of font info for 58 fonts, out of 8000000 for 9000
 1141 hyphenation exceptions out of 8191
 75i,7n,79p,1207b,2216s stack positions out of 10000i,1000n,20000p,200000b,200000s
<c:/texlive/2024/texmf-dist/fonts/type1/public/amsfonts/cm/cmbx12.pfb><c:/texlive/2024/texmf-dist/fonts/type1/public/amsfonts/cm/cmbx8.pfb><c:/texlive/2024/texmf-dist/fonts/type1/public/amsfonts/cm/cmbx9.pfb><c:/texlive/2024/texmf-dist/fonts/type1/public/amsfonts/cm/cmitt10.pfb><c:/texlive/2024/texmf-dist/fonts/type1/public/amsfonts/cm/cmmi12.pfb><c:/texlive/2024/texmf-dist/fonts/type1/public/amsfonts/cm/cmmi8.pfb><c:/texlive/2024/texmf-dist/fonts/type1/public/amsfonts/cm/cmr10.pfb><c:/texlive/2024/texmf-dist/fonts/type1/public/amsfonts/cm/cmr12.pfb><c:/texlive/2024/texmf-dist/fonts/type1/public/amsfonts/cm/cmr5.pfb><c:/texlive/2024/texmf-dist/fonts/type1/public/amsfonts/cm/cmr8.pfb><c:/texlive/2024/texmf-dist/fonts/type1/public/amsfonts/cm/cmr9.pfb><c:/texlive/2024/texmf-dist/fonts/type1/public/amsfonts/cm/cmsy10.pfb><c:/texlive/2024/texmf-dist/fonts/type1/public/amsfonts/cm/cmti12.pfb><c:/texlive/2024/texmf-dist/fonts/type1/public/amsfonts/cm/cmtt10.pfb><c:/texlive/2024/texmf-dist/fonts/type1/public/amsfonts/cm/cmtt12.pfb><c:/texlive/2024/texmf-dist/fonts/type1/public/amsfonts/cm/cmtt9.pfb><c:/texlive/2024/texmf-dist/fonts/type1/public/cm-super/sfrm1200.pfb>
Output written on main.pdf (72 pages, 443022 bytes).
PDF statistics:
 832 PDF objects out of 1000 (max. 8388607)
 710 compressed objects within 8 object streams
 351 named destinations out of 1000 (max. 500000)
 16 words of extra memory for PDF output out of 10000 (max. 10000000)

