nohup: Eingabe wird ignoriert
Script started at: 2025-02-04 06:41:56
/home/slais/Masterarbeit/SISSIz_PREDICTION/neg_sample_MULTIPERM_di_output_56_302.txt finished
/home/slais/Masterarbeit/SISSIz_PREDICTION/neg_sample_ALIFOLDz_output_78_447.txt finished
/home/slais/Masterarbeit/SISSIz_PREDICTION/neg_sample_ALIFOLDz_output_78_410.txt finished
/home/slais/Masterarbeit/SISSIz_PREDICTION/neg_sample_MULTIPERM_mono_output_15_31.txt finished
/home/slais/Masterarbeit/SISSIz_PREDICTION/neg_sample_MULTIPERM_mono_output_99_284.txt finished
/home/slais/Masterarbeit/SISSIz_PREDICTION/neg_sample_MULTIPERM_mono_output_35_632.txt finished
/home/slais/Masterarbeit/SISSIz_PREDICTION/neg_sample_MULTIPERM_mono_output_12_722.txt finished
/home/slais/Masterarbeit/SISSIz_PREDICTION/neg_sample_ALIFOLDz_output_67_686.txt finished
/home/slais/Masterarbeit/SISSIz_PREDICTION/neg_sample_SISSIz_di_output_50_34.txt finished
/home/slais/Masterarbeit/SISSIz_PREDICTION/neg_sample_MULTIPERM_di_output_53_925.txt finished
/home/slais/Masterarbeit/SISSIz_PREDICTION/neg_sample_ALIFOLDz_output_64_384.txt finished
/home/slais/Masterarbeit/SISSIz_PREDICTION/neg_sample_MULTIPERM_mono_output_84_954.txt finished
/home/slais/Masterarbeit/SISSIz_PREDICTION/neg_sample_MULTIPERM_mono_output_42_100.txt finished
/home/slais/Masterarbeit/SISSIz_PREDICTION/neg_sample_ALIFOLDz_output_69_842.txt finished
/home/slais/Masterarbeit/SISSIz_PREDICTION/neg_sample_SISSIz_di_output_3_926.txt finished
/home/slais/Masterarbeit/SISSIz_PREDICTION/neg_sample_SISSIz_mono_output_96_417.txt finished
/home/slais/Masterarbeit/SISSIz_PREDICTION/neg_sample_SISSIz_mono_output_57_69.txt finished
/home/slais/Masterarbeit/SISSIz_PREDICTION/neg_sample_SISSIz_mono_output_33_978.txt finished
/home/slais/Masterarbeit/SISSIz_PREDICTION/neg_sample_MULTIPERM_di_output_22_794.txt finished
/home/slais/Masterarbeit/SISSIz_PREDICTION/neg_sample_SISSIz_mono_output_7_340.txt finished
/home/slais/Masterarbeit/SISSIz_PREDICTION/neg_sample_SISSIz_mono_output_75_556.txt finished
/home/slais/Masterarbeit/SISSIz_PREDICTION/neg_sample_SISSIz_di_output_97_450.txt finished
/home/slais/Masterarbeit/SISSIz_PREDICTION/neg_sample_SISSIz_di_output_86_267.txt finished
/home/slais/Masterarbeit/SISSIz_PREDICTION/neg_sample_SISSIz_mono_output_7_11.txt finished
/home/slais/Masterarbeit/SISSIz_PREDICTION/neg_sample_SISSIz_di_output_19_698.txt finished
/home/slais/Masterarbeit/SISSIz_PREDICTION/neg_sample_MULTIPERM_mono_output_24_294.txt finished
/home/slais/Masterarbeit/SISSIz_PREDICTION/neg_sample_SISSIz_di_output_10_389.txt finished
/home/slais/Masterarbeit/SISSIz_PREDICTION/neg_sample_MULTIPERM_mono_output_9_120.txt finished
/home/slais/Masterarbeit/SISSIz_PREDICTION/neg_sample_ALIFOLDz_output_59_744.txt finished
/home/slais/Masterarbeit/SISSIz_PREDICTION/neg_sample_MULTIPERM_di_output_48_980.txt finished
/home/slais/Masterarbeit/SISSIz_PREDICTION/neg_sample_SISSIz_di_output_11_483.txt finished
/home/slais/Masterarbeit/SISSIz_PREDICTION/neg_sample_SISSIz_mono_output_93_670.txt finished
/home/slais/Masterarbeit/SISSIz_PREDICTION/neg_sample_ALIFOLDz_output_15_454.txt finished
/home/slais/Masterarbeit/SISSIz_PREDICTION/neg_sample_MULTIPERM_mono_output_35_439.txt finished
/home/slais/Masterarbeit/SISSIz_PREDICTION/neg_sample_SISSIz_mono_output_96_181.txt finished
/home/slais/Masterarbeit/SISSIz_PREDICTION/neg_sample_MULTIPERM_mono_output_52_196.txt finished
/home/slais/Masterarbeit/SISSIz_PREDICTION/neg_sample_SISSIz_di_output_4_468.txt finished
/home/slais/Masterarbeit/SISSIz_PREDICTION/neg_sample_ALIFOLDz_output_45_472.txt finished
/home/slais/Masterarbeit/SISSIz_PREDICTION/neg_sample_ALIFOLDz_output_77_724.txt finished
/home/slais/Masterarbeit/SISSIz_PREDICTION/neg_sample_MULTIPERM_mono_output_98_332.txt finished
/home/slais/Masterarbeit/SISSIz_PREDICTION/neg_sample_MULTIPERM_mono_output_27_68.txt finished
/home/slais/Masterarbeit/SISSIz_PREDICTION/neg_sample_ALIFOLDz_output_6_217.txt finished
/home/slais/Masterarbeit/SISSIz_PREDICTION/neg_sample_SISSIz_di_output_83_36.txt finished
/home/slais/Masterarbeit/SISSIz_PREDICTION/neg_sample_SISSIz_di_output_9_164.txt finished
/home/slais/Masterarbeit/SISSIz_PREDICTION/neg_sample_SISSIz_di_output_49_959.txt finished
/home/slais/Masterarbeit/SISSIz_PREDICTION/neg_sample_ALIFOLDz_output_43_810.txt finished
/home/slais/Masterarbeit/SISSIz_PREDICTION/neg_sample_SISSIz_di_output_30_382.txt finished
/home/slais/Masterarbeit/SISSIz_PREDICTION/neg_sample_ALIFOLDz_output_23_473.txt finished
/home/slais/Masterarbeit/SISSIz_PREDICTION/neg_sample_MULTIPERM_mono_output_78_527.txt finished
/home/slais/Masterarbeit/SISSIz_PREDICTION/neg_sample_MULTIPERM_di_output_35_370.txt finished
/home/slais/Masterarbeit/SISSIz_PREDICTION/neg_sample_SISSIz_mono_output_72_424.txt finished
/home/slais/Masterarbeit/SISSIz_PREDICTION/neg_sample_MULTIPERM_mono_output_16_458.txt finished
/home/slais/Masterarbeit/SISSIz_PREDICTION/neg_sample_SISSIz_di_output_48_926.txt finished
/home/slais/Masterarbeit/SISSIz_PREDICTION/neg_sample_ALIFOLDz_output_32_344.txt finished
/home/slais/Masterarbeit/SISSIz_PREDICTION/neg_sample_SISSIz_di_output_59_718.txt finished
/home/slais/Masterarbeit/SISSIz_PREDICTION/neg_sample_SISSIz_mono_output_58_243.txt finished
/home/slais/Masterarbeit/SISSIz_PREDICTION/neg_sample_SISSIz_mono_output_40_717.txt finished
/home/slais/Masterarbeit/SISSIz_PREDICTION/neg_sample_MULTIPERM_mono_output_2_171.txt finished
/home/slais/Masterarbeit/SISSIz_PREDICTION/neg_sample_ALIFOLDz_output_20_793.txt finished
/home/slais/Masterarbeit/SISSIz_PREDICTION/neg_sample_SISSIz_di_output_1_820.txt finished
/home/slais/Masterarbeit/SISSIz_PREDICTION/neg_sample_MULTIPERM_di_output_53_41.txt finished
/home/slais/Masterarbeit/SISSIz_PREDICTION/neg_sample_MULTIPERM_di_output_7_638.txt finished
/home/slais/Masterarbeit/SISSIz_PREDICTION/neg_sample_ALIFOLDz_output_64_883.txt finished
/home/slais/Masterarbeit/SISSIz_PREDICTION/neg_sample_SISSIz_di_output_11_195.txt finished
/home/slais/Masterarbeit/SISSIz_PREDICTION/neg_sample_ALIFOLDz_output_96_823.txt finished
/home/slais/Masterarbeit/SISSIz_PREDICTION/neg_sample_MULTIPERM_di_output_96_34.txt finished
/home/slais/Masterarbeit/SISSIz_PREDICTION/neg_sample_MULTIPERM_mono_output_72_246.txt finished
/home/slais/Masterarbeit/SISSIz_PREDICTION/neg_sample_ALIFOLDz_output_3_443.txt finished
/home/slais/Masterarbeit/SISSIz_PREDICTION/neg_sample_ALIFOLDz_output_3_260.txt finished
/home/slais/Masterarbeit/SISSIz_PREDICTION/neg_sample_ALIFOLDz_output_79_470.txt finished
/home/slais/Masterarbeit/SISSIz_PREDICTION/neg_sample_SISSIz_mono_output_4_176.txt finished
/home/slais/Masterarbeit/SISSIz_PREDICTION/neg_sample_MULTIPERM_mono_output_69_96.txt finished
/home/slais/Masterarbeit/SISSIz_PREDICTION/neg_sample_MULTIPERM_di_output_64_996.txt finished
/home/slais/Masterarbeit/SISSIz_PREDICTION/neg_sample_SISSIz_di_output_99_833.txt finished
/home/slais/Masterarbeit/SISSIz_PREDICTION/neg_sample_ALIFOLDz_output_89_647.txt finished
/home/slais/Masterarbeit/SISSIz_PREDICTION/neg_sample_SISSIz_di_output_24_19.txt finished
/home/slais/Masterarbeit/SISSIz_PREDICTION/neg_sample_MULTIPERM_di_output_74_721.txt finished
/home/slais/Masterarbeit/SISSIz_PREDICTION/neg_sample_MULTIPERM_mono_output_6_424.txt finished
/home/slais/Masterarbeit/SISSIz_PREDICTION/neg_sample_ALIFOLDz_output_30_496.txt finished
/home/slais/Masterarbeit/SISSIz_PREDICTION/neg_sample_ALIFOLDz_output_65_519.txt finished
/home/slais/Masterarbeit/SISSIz_PREDICTION/neg_sample_MULTIPERM_di_output_71_882.txt finished
/home/slais/Masterarbeit/SISSIz_PREDICTION/neg_sample_ALIFOLDz_output_63_712.txt finished
/home/slais/Masterarbeit/SISSIz_PREDICTION/neg_sample_SISSIz_mono_output_25_165.txt finished
/home/slais/Masterarbeit/SISSIz_PREDICTION/neg_sample_MULTIPERM_di_output_62_480.txt finished
/home/slais/Masterarbeit/SISSIz_PREDICTION/neg_sample_SISSIz_mono_output_5_322.txt finished
/home/slais/Masterarbeit/SISSIz_PREDICTION/neg_sample_SISSIz_mono_output_56_627.txt finished
/home/slais/Masterarbeit/SISSIz_PREDICTION/neg_sample_SISSIz_mono_output_76_904.txt finished
/home/slais/Masterarbeit/SISSIz_PREDICTION/neg_sample_SISSIz_mono_output_7_536.txt finished
/home/slais/Masterarbeit/SISSIz_PREDICTION/neg_sample_MULTIPERM_di_output_13_883.txt finished
/home/slais/Masterarbeit/SISSIz_PREDICTION/neg_sample_SISSIz_di_output_33_307.txt finished
/home/slais/Masterarbeit/SISSIz_PREDICTION/neg_sample_SISSIz_di_output_48_870.txt finished
/home/slais/Masterarbeit/SISSIz_PREDICTION/neg_sample_MULTIPERM_mono_output_34_811.txt finished
/home/slais/Masterarbeit/SISSIz_PREDICTION/neg_sample_MULTIPERM_mono_output_96_597.txt finished
/home/slais/Masterarbeit/SISSIz_PREDICTION/neg_sample_ALIFOLDz_output_27_802.txt finished
/home/slais/Masterarbeit/SISSIz_PREDICTION/neg_sample_ALIFOLDz_output_9_853.txt finished
/home/slais/Masterarbeit/SISSIz_PREDICTION/neg_sample_SISSIz_mono_output_1_599.txt finished
/home/slais/Masterarbeit/SISSIz_PREDICTION/neg_sample_MULTIPERM_mono_output_20_137.txt finished
/home/slais/Masterarbeit/SISSIz_PREDICTION/neg_sample_MULTIPERM_di_output_74_193.txt finished
/home/slais/Masterarbeit/SISSIz_PREDICTION/neg_sample_MULTIPERM_di_output_18_329.txt finished
/home/slais/Masterarbeit/SISSIz_PREDICTION/neg_sample_ALIFOLDz_output_58_88.txt finished
/home/slais/Masterarbeit/SISSIz_PREDICTION/neg_sample_SISSIz_mono_output_71_232.txt finished
/home/slais/Masterarbeit/SISSIz_PREDICTION/neg_sample_MULTIPERM_di_output_27_335.txt finished
/home/slais/Masterarbeit/SISSIz_PREDICTION/neg_sample_MULTIPERM_mono_output_33_878.txt finished
/home/slais/Masterarbeit/SISSIz_PREDICTION/neg_sample_SISSIz_di_output_56_793.txt finished
/home/slais/Masterarbeit/SISSIz_PREDICTION/neg_sample_MULTIPERM_di_output_47_941.txt finished
/home/slais/Masterarbeit/SISSIz_PREDICTION/neg_sample_MULTIPERM_mono_output_87_330.txt finished
/home/slais/Masterarbeit/SISSIz_PREDICTION/neg_sample_MULTIPERM_di_output_67_919.txt finished
/home/slais/Masterarbeit/SISSIz_PREDICTION/neg_sample_SISSIz_di_output_2_534.txt finished
/home/slais/Masterarbeit/SISSIz_PREDICTION/neg_sample_SISSIz_mono_output_94_855.txt finished
/home/slais/Masterarbeit/SISSIz_PREDICTION/neg_sample_ALIFOLDz_output_24_539.txt finished
/home/slais/Masterarbeit/SISSIz_PREDICTION/neg_sample_ALIFOLDz_output_17_853.txt finished
/home/slais/Masterarbeit/SISSIz_PREDICTION/neg_sample_SISSIz_mono_output_67_779.txt finished
/home/slais/Masterarbeit/SISSIz_PREDICTION/neg_sample_MULTIPERM_mono_output_56_478.txt finished
/home/slais/Masterarbeit/SISSIz_PREDICTION/neg_sample_MULTIPERM_mono_output_39_658.txt finished
/home/slais/Masterarbeit/SISSIz_PREDICTION/neg_sample_ALIFOLDz_output_51_647.txt finished
/home/slais/Masterarbeit/SISSIz_PREDICTION/neg_sample_SISSIz_di_output_50_751.txt finished
/home/slais/Masterarbeit/SISSIz_PREDICTION/neg_sample_SISSIz_di_output_62_404.txt finished
/home/slais/Masterarbeit/SISSIz_PREDICTION/neg_sample_SISSIz_mono_output_91_82.txt finished
/home/slais/Masterarbeit/SISSIz_PREDICTION/neg_sample_SISSIz_di_output_49_978.txt finished
/home/slais/Masterarbeit/SISSIz_PREDICTION/neg_sample_ALIFOLDz_output_100_366.txt finished
/home/slais/Masterarbeit/SISSIz_PREDICTION/neg_sample_MULTIPERM_di_output_97_52.txt finished
/home/slais/Masterarbeit/SISSIz_PREDICTION/neg_sample_ALIFOLDz_output_38_187.txt finished
/home/slais/Masterarbeit/SISSIz_PREDICTION/neg_sample_SISSIz_di_output_58_594.txt finished
/home/slais/Masterarbeit/SISSIz_PREDICTION/neg_sample_SISSIz_di_output_13_332.txt finished
/home/slais/Masterarbeit/SISSIz_PREDICTION/neg_sample_ALIFOLDz_output_48_30.txt finished
/home/slais/Masterarbeit/SISSIz_PREDICTION/neg_sample_MULTIPERM_mono_output_16_310.txt finished
/home/slais/Masterarbeit/SISSIz_PREDICTION/neg_sample_ALIFOLDz_output_39_94.txt finished
/home/slais/Masterarbeit/SISSIz_PREDICTION/neg_sample_ALIFOLDz_output_21_907.txt finished
/home/slais/Masterarbeit/SISSIz_PREDICTION/neg_sample_SISSIz_di_output_20_785.txt finished
/home/slais/Masterarbeit/SISSIz_PREDICTION/neg_sample_SISSIz_di_output_6_448.txt finished
/home/slais/Masterarbeit/SISSIz_PREDICTION/neg_sample_SISSIz_mono_output_14_790.txt finished
/home/slais/Masterarbeit/SISSIz_PREDICTION/neg_sample_SISSIz_di_output_33_964.txt finished
/home/slais/Masterarbeit/SISSIz_PREDICTION/neg_sample_SISSIz_di_output_23_659.txt finished
/home/slais/Masterarbeit/SISSIz_PREDICTION/neg_sample_MULTIPERM_di_output_15_715.txt finished
/home/slais/Masterarbeit/SISSIz_PREDICTION/neg_sample_MULTIPERM_mono_output_67_622.txt finished
/home/slais/Masterarbeit/SISSIz_PREDICTION/neg_sample_ALIFOLDz_output_4_429.txt finished
/home/slais/Masterarbeit/SISSIz_PREDICTION/neg_sample_SISSIz_mono_output_22_990.txt finished
/home/slais/Masterarbeit/SISSIz_PREDICTION/neg_sample_SISSIz_mono_output_73_932.txt finished
/home/slais/Masterarbeit/SISSIz_PREDICTION/neg_sample_MULTIPERM_mono_output_63_774.txt finished
/home/slais/Masterarbeit/SISSIz_PREDICTION/neg_sample_ALIFOLDz_output_1_146.txt finished
/home/slais/Masterarbeit/SISSIz_PREDICTION/neg_sample_MULTIPERM_di_output_89_789.txt finished
/home/slais/Masterarbeit/SISSIz_PREDICTION/neg_sample_SISSIz_di_output_66_159.txt finished
/home/slais/Masterarbeit/SISSIz_PREDICTION/neg_sample_SISSIz_di_output_53_650.txt finished
/home/slais/Masterarbeit/SISSIz_PREDICTION/neg_sample_MULTIPERM_di_output_43_729.txt finished
/home/slais/Masterarbeit/SISSIz_PREDICTION/neg_sample_MULTIPERM_di_output_37_473.txt finished
/home/slais/Masterarbeit/SISSIz_PREDICTION/neg_sample_SISSIz_mono_output_53_273.txt finished
/home/slais/Masterarbeit/SISSIz_PREDICTION/neg_sample_SISSIz_di_output_9_219.txt finished
/home/slais/Masterarbeit/SISSIz_PREDICTION/neg_sample_SISSIz_di_output_93_617.txt finished
/home/slais/Masterarbeit/SISSIz_PREDICTION/neg_sample_ALIFOLDz_output_71_793.txt finished
/home/slais/Masterarbeit/SISSIz_PREDICTION/neg_sample_MULTIPERM_mono_output_19_103.txt finished
/home/slais/Masterarbeit/SISSIz_PREDICTION/neg_sample_SISSIz_mono_output_80_705.txt finished
/home/slais/Masterarbeit/SISSIz_PREDICTION/neg_sample_MULTIPERM_di_output_93_920.txt finished
/home/slais/Masterarbeit/SISSIz_PREDICTION/neg_sample_MULTIPERM_di_output_71_246.txt finished
/home/slais/Masterarbeit/SISSIz_PREDICTION/neg_sample_ALIFOLDz_output_92_681.txt finished
/home/slais/Masterarbeit/SISSIz_PREDICTION/neg_sample_SISSIz_mono_output_73_578.txt finished
/home/slais/Masterarbeit/SISSIz_PREDICTION/neg_sample_SISSIz_mono_output_40_939.txt finished
/home/slais/Masterarbeit/SISSIz_PREDICTION/neg_sample_SISSIz_di_output_69_213.txt finished
/home/slais/Masterarbeit/SISSIz_PREDICTION/neg_sample_SISSIz_mono_output_61_685.txt finished
/home/slais/Masterarbeit/SISSIz_PREDICTION/neg_sample_SISSIz_di_output_11_795.txt finished
/home/slais/Masterarbeit/SISSIz_PREDICTION/neg_sample_SISSIz_di_output_59_634.txt finished
/home/slais/Masterarbeit/SISSIz_PREDICTION/neg_sample_MULTIPERM_di_output_46_899.txt finished
/home/slais/Masterarbeit/SISSIz_PREDICTION/neg_sample_MULTIPERM_di_output_36_129.txt finished
/home/slais/Masterarbeit/SISSIz_PREDICTION/neg_sample_ALIFOLDz_output_74_280.txt finished
/home/slais/Masterarbeit/SISSIz_PREDICTION/neg_sample_MULTIPERM_di_output_95_650.txt finished
/home/slais/Masterarbeit/SISSIz_PREDICTION/neg_sample_MULTIPERM_di_output_12_39.txt finished
/home/slais/Masterarbeit/SISSIz_PREDICTION/neg_sample_MULTIPERM_di_output_89_389.txt finished
/home/slais/Masterarbeit/SISSIz_PREDICTION/neg_sample_MULTIPERM_mono_output_65_602.txt finished
/home/slais/Masterarbeit/SISSIz_PREDICTION/neg_sample_SISSIz_mono_output_40_487.txt finished
/home/slais/Masterarbeit/SISSIz_PREDICTION/neg_sample_MULTIPERM_di_output_28_186.txt finished
/home/slais/Masterarbeit/SISSIz_PREDICTION/neg_sample_SISSIz_mono_output_31_619.txt finished
/home/slais/Masterarbeit/SISSIz_PREDICTION/neg_sample_MULTIPERM_mono_output_23_801.txt finished
/home/slais/Masterarbeit/SISSIz_PREDICTION/neg_sample_SISSIz_di_output_31_571.txt finished
/home/slais/Masterarbeit/SISSIz_PREDICTION/neg_sample_SISSIz_di_output_43_175.txt finished
/home/slais/Masterarbeit/SISSIz_PREDICTION/neg_sample_ALIFOLDz_output_4_205.txt finished
/home/slais/Masterarbeit/SISSIz_PREDICTION/neg_sample_MULTIPERM_di_output_55_815.txt finished
/home/slais/Masterarbeit/SISSIz_PREDICTION/neg_sample_SISSIz_di_output_13_506.txt finished
/home/slais/Masterarbeit/SISSIz_PREDICTION/neg_sample_SISSIz_di_output_17_571.txt finished
/home/slais/Masterarbeit/SISSIz_PREDICTION/neg_sample_MULTIPERM_mono_output_71_956.txt finished
/home/slais/Masterarbeit/SISSIz_PREDICTION/neg_sample_SISSIz_mono_output_78_155.txt finished
/home/slais/Masterarbeit/SISSIz_PREDICTION/neg_sample_MULTIPERM_di_output_11_436.txt finished
/home/slais/Masterarbeit/SISSIz_PREDICTION/neg_sample_ALIFOLDz_output_71_783.txt finished
/home/slais/Masterarbeit/SISSIz_PREDICTION/neg_sample_MULTIPERM_mono_output_52_707.txt finished
/home/slais/Masterarbeit/SISSIz_PREDICTION/neg_sample_MULTIPERM_mono_output_24_547.txt finished
/home/slais/Masterarbeit/SISSIz_PREDICTION/neg_sample_SISSIz_mono_output_41_589.txt finished
/home/slais/Masterarbeit/SISSIz_PREDICTION/neg_sample_MULTIPERM_mono_output_1_580.txt finished
/home/slais/Masterarbeit/SISSIz_PREDICTION/neg_sample_ALIFOLDz_output_73_923.txt finished
/home/slais/Masterarbeit/SISSIz_PREDICTION/neg_sample_SISSIz_di_output_61_115.txt finished
/home/slais/Masterarbeit/SISSIz_PREDICTION/neg_sample_SISSIz_mono_output_99_867.txt finished
/home/slais/Masterarbeit/SISSIz_PREDICTION/neg_sample_SISSIz_mono_output_10_101.txt finished
/home/slais/Masterarbeit/SISSIz_PREDICTION/neg_sample_MULTIPERM_di_output_30_158.txt finished
/home/slais/Masterarbeit/SISSIz_PREDICTION/neg_sample_SISSIz_mono_output_46_919.txt finished
/home/slais/Masterarbeit/SISSIz_PREDICTION/neg_sample_MULTIPERM_di_output_3_748.txt finished
/home/slais/Masterarbeit/SISSIz_PREDICTION/neg_sample_SISSIz_mono_output_42_738.txt finished
/home/slais/Masterarbeit/SISSIz_PREDICTION/neg_sample_SISSIz_di_output_4_123.txt finished
/home/slais/Masterarbeit/SISSIz_PREDICTION/neg_sample_MULTIPERM_mono_output_40_218.txt finished
/home/slais/Masterarbeit/SISSIz_PREDICTION/neg_sample_SISSIz_mono_output_100_31.txt finished
/home/slais/Masterarbeit/SISSIz_PREDICTION/neg_sample_ALIFOLDz_output_47_820.txt finished
/home/slais/Masterarbeit/SISSIz_PREDICTION/neg_sample_MULTIPERM_mono_output_6_554.txt finished
/home/slais/Masterarbeit/SISSIz_PREDICTION/neg_sample_MULTIPERM_di_output_22_782.txt finished
/home/slais/Masterarbeit/SISSIz_PREDICTION/neg_sample_MULTIPERM_di_output_34_976.txt finished
/home/slais/Masterarbeit/SISSIz_PREDICTION/neg_sample_MULTIPERM_mono_output_61_515.txt finished
/home/slais/Masterarbeit/SISSIz_PREDICTION/neg_sample_SISSIz_di_output_85_856.txt finished
/home/slais/Masterarbeit/SISSIz_PREDICTION/neg_sample_ALIFOLDz_output_72_40.txt finished
/home/slais/Masterarbeit/SISSIz_PREDICTION/neg_sample_SISSIz_mono_output_82_23.txt finished
/home/slais/Masterarbeit/SISSIz_PREDICTION/neg_sample_ALIFOLDz_output_98_918.txt finished
/home/slais/Masterarbeit/SISSIz_PREDICTION/neg_sample_ALIFOLDz_output_31_573.txt finished
/home/slais/Masterarbeit/SISSIz_PREDICTION/neg_sample_SISSIz_di_output_6_110.txt finished
/home/slais/Masterarbeit/SISSIz_PREDICTION/neg_sample_MULTIPERM_mono_output_34_35.txt finished
/home/slais/Masterarbeit/SISSIz_PREDICTION/neg_sample_SISSIz_mono_output_47_461.txt finished
/home/slais/Masterarbeit/SISSIz_PREDICTION/neg_sample_ALIFOLDz_output_34_589.txt finished
/home/slais/Masterarbeit/SISSIz_PREDICTION/neg_sample_MULTIPERM_mono_output_73_945.txt finished
/home/slais/Masterarbeit/SISSIz_PREDICTION/neg_sample_MULTIPERM_di_output_48_220.txt finished
/home/slais/Masterarbeit/SISSIz_PREDICTION/neg_sample_MULTIPERM_mono_output_1_455.txt finished
/home/slais/Masterarbeit/SISSIz_PREDICTION/neg_sample_SISSIz_di_output_42_356.txt finished
/home/slais/Masterarbeit/SISSIz_PREDICTION/neg_sample_SISSIz_mono_output_47_1000.txt finished
/home/slais/Masterarbeit/SISSIz_PREDICTION/neg_sample_ALIFOLDz_output_78_352.txt finished
/home/slais/Masterarbeit/SISSIz_PREDICTION/neg_sample_SISSIz_di_output_93_551.txt finished
/home/slais/Masterarbeit/SISSIz_PREDICTION/neg_sample_SISSIz_mono_output_82_454.txt finished
/home/slais/Masterarbeit/SISSIz_PREDICTION/neg_sample_MULTIPERM_mono_output_46_175.txt finished
/home/slais/Masterarbeit/SISSIz_PREDICTION/neg_sample_MULTIPERM_di_output_41_478.txt finished
/home/slais/Masterarbeit/SISSIz_PREDICTION/neg_sample_SISSIz_di_output_29_301.txt finished
/home/slais/Masterarbeit/SISSIz_PREDICTION/neg_sample_MULTIPERM_di_output_59_265.txt finished
/home/slais/Masterarbeit/SISSIz_PREDICTION/neg_sample_SISSIz_di_output_47_179.txt finished
/home/slais/Masterarbeit/SISSIz_PREDICTION/neg_sample_MULTIPERM_mono_output_16_29.txt finished
/home/slais/Masterarbeit/SISSIz_PREDICTION/neg_sample_MULTIPERM_di_output_98_322.txt finished
/home/slais/Masterarbeit/SISSIz_PREDICTION/neg_sample_SISSIz_di_output_1_1000.txt finished
/home/slais/Masterarbeit/SISSIz_PREDICTION/neg_sample_ALIFOLDz_output_44_199.txt finished
/home/slais/Masterarbeit/SISSIz_PREDICTION/neg_sample_SISSIz_mono_output_27_762.txt finished
/home/slais/Masterarbeit/SISSIz_PREDICTION/neg_sample_SISSIz_di_output_29_782.txt finished
/home/slais/Masterarbeit/SISSIz_PREDICTION/neg_sample_ALIFOLDz_output_21_234.txt finished
/home/slais/Masterarbeit/SISSIz_PREDICTION/neg_sample_MULTIPERM_di_output_16_268.txt finished
/home/slais/Masterarbeit/SISSIz_PREDICTION/neg_sample_ALIFOLDz_output_28_51.txt finished
/home/slais/Masterarbeit/SISSIz_PREDICTION/neg_sample_ALIFOLDz_output_31_562.txt finished
/home/slais/Masterarbeit/SISSIz_PREDICTION/neg_sample_SISSIz_di_output_72_407.txt finished
/home/slais/Masterarbeit/SISSIz_PREDICTION/neg_sample_MULTIPERM_di_output_86_173.txt finished
/home/slais/Masterarbeit/SISSIz_PREDICTION/neg_sample_ALIFOLDz_output_99_413.txt finished
/home/slais/Masterarbeit/SISSIz_PREDICTION/neg_sample_SISSIz_di_output_7_807.txt finished
/home/slais/Masterarbeit/SISSIz_PREDICTION/neg_sample_ALIFOLDz_output_37_33.txt finished
/home/slais/Masterarbeit/SISSIz_PREDICTION/neg_sample_MULTIPERM_mono_output_73_539.txt finished
/home/slais/Masterarbeit/SISSIz_PREDICTION/neg_sample_MULTIPERM_mono_output_54_476.txt finished
/home/slais/Masterarbeit/SISSIz_PREDICTION/neg_sample_MULTIPERM_di_output_73_437.txt finished
/home/slais/Masterarbeit/SISSIz_PREDICTION/neg_sample_ALIFOLDz_output_80_897.txt finished
/home/slais/Masterarbeit/SISSIz_PREDICTION/neg_sample_SISSIz_di_output_76_103.txt finished
/home/slais/Masterarbeit/SISSIz_PREDICTION/neg_sample_ALIFOLDz_output_5_893.txt finished
/home/slais/Masterarbeit/SISSIz_PREDICTION/neg_sample_SISSIz_mono_output_70_191.txt finished
/home/slais/Masterarbeit/SISSIz_PREDICTION/neg_sample_MULTIPERM_di_output_39_1000.txt finished
/home/slais/Masterarbeit/SISSIz_PREDICTION/neg_sample_SISSIz_di_output_4_633.txt finished
/home/slais/Masterarbeit/SISSIz_PREDICTION/neg_sample_MULTIPERM_di_output_20_330.txt finished
/home/slais/Masterarbeit/SISSIz_PREDICTION/neg_sample_ALIFOLDz_output_88_293.txt finished
/home/slais/Masterarbeit/SISSIz_PREDICTION/neg_sample_MULTIPERM_mono_output_38_196.txt finished
/home/slais/Masterarbeit/SISSIz_PREDICTION/neg_sample_MULTIPERM_mono_output_100_850.txt finished
/home/slais/Masterarbeit/SISSIz_PREDICTION/neg_sample_ALIFOLDz_output_87_310.txt finished
/home/slais/Masterarbeit/SISSIz_PREDICTION/neg_sample_MULTIPERM_di_output_55_178.txt finished
/home/slais/Masterarbeit/SISSIz_PREDICTION/neg_sample_SISSIz_mono_output_64_150.txt finished
/home/slais/Masterarbeit/SISSIz_PREDICTION/neg_sample_MULTIPERM_di_output_47_710.txt finished
/home/slais/Masterarbeit/SISSIz_PREDICTION/neg_sample_MULTIPERM_di_output_19_670.txt finished
/home/slais/Masterarbeit/SISSIz_PREDICTION/neg_sample_SISSIz_di_output_7_994.txt finished
/home/slais/Masterarbeit/SISSIz_PREDICTION/neg_sample_MULTIPERM_mono_output_34_548.txt finished
/home/slais/Masterarbeit/SISSIz_PREDICTION/neg_sample_SISSIz_di_output_58_433.txt finished
/home/slais/Masterarbeit/SISSIz_PREDICTION/neg_sample_SISSIz_mono_output_95_578.txt finished
/home/slais/Masterarbeit/SISSIz_PREDICTION/neg_sample_MULTIPERM_di_output_67_57.txt finished
/home/slais/Masterarbeit/SISSIz_PREDICTION/neg_sample_SISSIz_di_output_42_367.txt finished
/home/slais/Masterarbeit/SISSIz_PREDICTION/neg_sample_SISSIz_di_output_93_882.txt finished
/home/slais/Masterarbeit/SISSIz_PREDICTION/neg_sample_MULTIPERM_di_output_6_783.txt finished
/home/slais/Masterarbeit/SISSIz_PREDICTION/neg_sample_ALIFOLDz_output_72_202.txt finished
/home/slais/Masterarbeit/SISSIz_PREDICTION/neg_sample_ALIFOLDz_output_9_222.txt finished
/home/slais/Masterarbeit/SISSIz_PREDICTION/neg_sample_MULTIPERM_mono_output_89_707.txt finished
/home/slais/Masterarbeit/SISSIz_PREDICTION/neg_sample_MULTIPERM_di_output_100_242.txt finished
/home/slais/Masterarbeit/SISSIz_PREDICTION/neg_sample_SISSIz_mono_output_59_8.txt finished
/home/slais/Masterarbeit/SISSIz_PREDICTION/neg_sample_SISSIz_mono_output_31_53.txt finished
/home/slais/Masterarbeit/SISSIz_PREDICTION/neg_sample_MULTIPERM_di_output_59_482.txt finished
/home/slais/Masterarbeit/SISSIz_PREDICTION/neg_sample_SISSIz_di_output_36_327.txt finished
/home/slais/Masterarbeit/SISSIz_PREDICTION/neg_sample_SISSIz_mono_output_13_82.txt finished
/home/slais/Masterarbeit/SISSIz_PREDICTION/neg_sample_SISSIz_di_output_94_664.txt finished
/home/slais/Masterarbeit/SISSIz_PREDICTION/neg_sample_MULTIPERM_mono_output_34_100.txt finished
/home/slais/Masterarbeit/SISSIz_PREDICTION/neg_sample_ALIFOLDz_output_78_384.txt finished
/home/slais/Masterarbeit/SISSIz_PREDICTION/neg_sample_SISSIz_mono_output_41_101.txt finished
/home/slais/Masterarbeit/SISSIz_PREDICTION/neg_sample_MULTIPERM_di_output_41_299.txt finished
/home/slais/Masterarbeit/SISSIz_PREDICTION/neg_sample_MULTIPERM_mono_output_70_288.txt finished
/home/slais/Masterarbeit/SISSIz_PREDICTION/neg_sample_ALIFOLDz_output_28_316.txt finished
/home/slais/Masterarbeit/SISSIz_PREDICTION/neg_sample_MULTIPERM_di_output_99_612.txt finished
/home/slais/Masterarbeit/SISSIz_PREDICTION/neg_sample_SISSIz_di_output_48_569.txt finished
/home/slais/Masterarbeit/SISSIz_PREDICTION/neg_sample_MULTIPERM_mono_output_82_481.txt finished
/home/slais/Masterarbeit/SISSIz_PREDICTION/neg_sample_SISSIz_mono_output_38_469.txt finished
/home/slais/Masterarbeit/SISSIz_PREDICTION/neg_sample_SISSIz_di_output_26_176.txt finished
/home/slais/Masterarbeit/SISSIz_PREDICTION/neg_sample_MULTIPERM_di_output_71_111.txt finished
/home/slais/Masterarbeit/SISSIz_PREDICTION/neg_sample_ALIFOLDz_output_69_831.txt finished
/home/slais/Masterarbeit/SISSIz_PREDICTION/neg_sample_ALIFOLDz_output_31_805.txt finished
/home/slais/Masterarbeit/SISSIz_PREDICTION/neg_sample_MULTIPERM_mono_output_1_388.txt finished
/home/slais/Masterarbeit/SISSIz_PREDICTION/neg_sample_MULTIPERM_mono_output_60_414.txt finished
/home/slais/Masterarbeit/SISSIz_PREDICTION/neg_sample_ALIFOLDz_output_79_370.txt finished
/home/slais/Masterarbeit/SISSIz_PREDICTION/neg_sample_MULTIPERM_di_output_16_286.txt finished
/home/slais/Masterarbeit/SISSIz_PREDICTION/neg_sample_MULTIPERM_di_output_33_171.txt finished
/home/slais/Masterarbeit/SISSIz_PREDICTION/neg_sample_ALIFOLDz_output_51_693.txt finished
/home/slais/Masterarbeit/SISSIz_PREDICTION/neg_sample_MULTIPERM_mono_output_63_229.txt finished
/home/slais/Masterarbeit/SISSIz_PREDICTION/neg_sample_SISSIz_di_output_84_651.txt finished
/home/slais/Masterarbeit/SISSIz_PREDICTION/neg_sample_MULTIPERM_mono_output_3_402.txt finished
/home/slais/Masterarbeit/SISSIz_PREDICTION/neg_sample_SISSIz_mono_output_69_373.txt finished
/home/slais/Masterarbeit/SISSIz_PREDICTION/neg_sample_SISSIz_di_output_28_942.txt finished
/home/slais/Masterarbeit/SISSIz_PREDICTION/neg_sample_SISSIz_mono_output_26_523.txt finished
/home/slais/Masterarbeit/SISSIz_PREDICTION/neg_sample_SISSIz_di_output_22_106.txt finished
/home/slais/Masterarbeit/SISSIz_PREDICTION/neg_sample_MULTIPERM_mono_output_41_532.txt finished
/home/slais/Masterarbeit/SISSIz_PREDICTION/neg_sample_MULTIPERM_mono_output_15_735.txt finished
/home/slais/Masterarbeit/SISSIz_PREDICTION/neg_sample_MULTIPERM_di_output_53_172.txt finished
/home/slais/Masterarbeit/SISSIz_PREDICTION/neg_sample_ALIFOLDz_output_51_803.txt finished
/home/slais/Masterarbeit/SISSIz_PREDICTION/neg_sample_MULTIPERM_di_output_38_699.txt finished
/home/slais/Masterarbeit/SISSIz_PREDICTION/neg_sample_ALIFOLDz_output_69_855.txt finished
/home/slais/Masterarbeit/SISSIz_PREDICTION/neg_sample_MULTIPERM_di_output_33_496.txt finished
/home/slais/Masterarbeit/SISSIz_PREDICTION/neg_sample_MULTIPERM_di_output_6_323.txt finished
/home/slais/Masterarbeit/SISSIz_PREDICTION/neg_sample_MULTIPERM_mono_output_70_465.txt finished
/home/slais/Masterarbeit/SISSIz_PREDICTION/neg_sample_MULTIPERM_di_output_90_427.txt finished
/home/slais/Masterarbeit/SISSIz_PREDICTION/neg_sample_MULTIPERM_di_output_58_178.txt finished
/home/slais/Masterarbeit/SISSIz_PREDICTION/neg_sample_SISSIz_mono_output_28_760.txt finished
/home/slais/Masterarbeit/SISSIz_PREDICTION/neg_sample_ALIFOLDz_output_72_776.txt finished
/home/slais/Masterarbeit/SISSIz_PREDICTION/neg_sample_MULTIPERM_mono_output_1_935.txt finished
/home/slais/Masterarbeit/SISSIz_PREDICTION/neg_sample_MULTIPERM_mono_output_38_240.txt finished
/home/slais/Masterarbeit/SISSIz_PREDICTION/neg_sample_SISSIz_di_output_20_100.txt finished
/home/slais/Masterarbeit/SISSIz_PREDICTION/neg_sample_SISSIz_di_output_87_624.txt finished
/home/slais/Masterarbeit/SISSIz_PREDICTION/neg_sample_MULTIPERM_di_output_11_698.txt finished
/home/slais/Masterarbeit/SISSIz_PREDICTION/neg_sample_MULTIPERM_di_output_92_834.txt finished
/home/slais/Masterarbeit/SISSIz_PREDICTION/neg_sample_MULTIPERM_di_output_71_15.txt finished
/home/slais/Masterarbeit/SISSIz_PREDICTION/neg_sample_MULTIPERM_di_output_80_651.txt finished
/home/slais/Masterarbeit/SISSIz_PREDICTION/neg_sample_ALIFOLDz_output_85_574.txt finished
/home/slais/Masterarbeit/SISSIz_PREDICTION/neg_sample_SISSIz_mono_output_85_316.txt finished
/home/slais/Masterarbeit/SISSIz_PREDICTION/neg_sample_ALIFOLDz_output_18_840.txt finished
/home/slais/Masterarbeit/SISSIz_PREDICTION/neg_sample_MULTIPERM_di_output_15_476.txt finished
/home/slais/Masterarbeit/SISSIz_PREDICTION/neg_sample_SISSIz_di_output_8_691.txt finished
/home/slais/Masterarbeit/SISSIz_PREDICTION/neg_sample_SISSIz_di_output_90_119.txt finished
/home/slais/Masterarbeit/SISSIz_PREDICTION/neg_sample_SISSIz_mono_output_30_649.txt finished
/home/slais/Masterarbeit/SISSIz_PREDICTION/neg_sample_SISSIz_mono_output_67_901.txt finished
/home/slais/Masterarbeit/SISSIz_PREDICTION/neg_sample_MULTIPERM_di_output_2_468.txt finished
/home/slais/Masterarbeit/SISSIz_PREDICTION/neg_sample_MULTIPERM_di_output_75_67.txt finished
/home/slais/Masterarbeit/SISSIz_PREDICTION/neg_sample_MULTIPERM_di_output_95_624.txt finished
/home/slais/Masterarbeit/SISSIz_PREDICTION/neg_sample_ALIFOLDz_output_95_19.txt finished
/home/slais/Masterarbeit/SISSIz_PREDICTION/neg_sample_SISSIz_mono_output_50_465.txt finished
/home/slais/Masterarbeit/SISSIz_PREDICTION/neg_sample_ALIFOLDz_output_41_644.txt finished
/home/slais/Masterarbeit/SISSIz_PREDICTION/neg_sample_SISSIz_di_output_32_694.txt finished
/home/slais/Masterarbeit/SISSIz_PREDICTION/neg_sample_MULTIPERM_di_output_34_300.txt finished
/home/slais/Masterarbeit/SISSIz_PREDICTION/neg_sample_MULTIPERM_mono_output_56_783.txt finished
/home/slais/Masterarbeit/SISSIz_PREDICTION/neg_sample_MULTIPERM_di_output_30_462.txt finished
/home/slais/Masterarbeit/SISSIz_PREDICTION/neg_sample_SISSIz_di_output_90_793.txt finished
/home/slais/Masterarbeit/SISSIz_PREDICTION/neg_sample_MULTIPERM_mono_output_9_206.txt finished
/home/slais/Masterarbeit/SISSIz_PREDICTION/neg_sample_SISSIz_mono_output_85_805.txt finished
/home/slais/Masterarbeit/SISSIz_PREDICTION/neg_sample_SISSIz_mono_output_95_265.txt finished
/home/slais/Masterarbeit/SISSIz_PREDICTION/neg_sample_MULTIPERM_di_output_45_921.txt finished
/home/slais/Masterarbeit/SISSIz_PREDICTION/neg_sample_SISSIz_di_output_58_586.txt finished
/home/slais/Masterarbeit/SISSIz_PREDICTION/neg_sample_ALIFOLDz_output_60_386.txt finished
/home/slais/Masterarbeit/SISSIz_PREDICTION/neg_sample_SISSIz_mono_output_15_461.txt finished
/home/slais/Masterarbeit/SISSIz_PREDICTION/neg_sample_SISSIz_di_output_34_340.txt finished
/home/slais/Masterarbeit/SISSIz_PREDICTION/neg_sample_MULTIPERM_mono_output_20_78.txt finished
/home/slais/Masterarbeit/SISSIz_PREDICTION/neg_sample_SISSIz_mono_output_27_651.txt finished
/home/slais/Masterarbeit/SISSIz_PREDICTION/neg_sample_MULTIPERM_di_output_88_513.txt finished
/home/slais/Masterarbeit/SISSIz_PREDICTION/neg_sample_MULTIPERM_di_output_50_682.txt finished
/home/slais/Masterarbeit/SISSIz_PREDICTION/neg_sample_SISSIz_di_output_72_818.txt finished
/home/slais/Masterarbeit/SISSIz_PREDICTION/neg_sample_ALIFOLDz_output_36_21.txt finished
/home/slais/Masterarbeit/SISSIz_PREDICTION/neg_sample_MULTIPERM_di_output_91_164.txt finished
/home/slais/Masterarbeit/SISSIz_PREDICTION/neg_sample_ALIFOLDz_output_50_619.txt finished
/home/slais/Masterarbeit/SISSIz_PREDICTION/neg_sample_SISSIz_di_output_19_403.txt finished
/home/slais/Masterarbeit/SISSIz_PREDICTION/neg_sample_MULTIPERM_di_output_85_684.txt finished
/home/slais/Masterarbeit/SISSIz_PREDICTION/neg_sample_ALIFOLDz_output_16_830.txt finished
/home/slais/Masterarbeit/SISSIz_PREDICTION/neg_sample_SISSIz_di_output_17_147.txt finished
/home/slais/Masterarbeit/SISSIz_PREDICTION/neg_sample_SISSIz_di_output_59_523.txt finished
/home/slais/Masterarbeit/SISSIz_PREDICTION/neg_sample_SISSIz_di_output_5_975.txt finished
/home/slais/Masterarbeit/SISSIz_PREDICTION/neg_sample_SISSIz_di_output_90_761.txt finished
/home/slais/Masterarbeit/SISSIz_PREDICTION/neg_sample_MULTIPERM_di_output_93_812.txt finished
/home/slais/Masterarbeit/SISSIz_PREDICTION/neg_sample_SISSIz_di_output_60_117.txt finished
/home/slais/Masterarbeit/SISSIz_PREDICTION/neg_sample_SISSIz_di_output_81_497.txt finished
/home/slais/Masterarbeit/SISSIz_PREDICTION/neg_sample_MULTIPERM_di_output_37_301.txt finished
/home/slais/Masterarbeit/SISSIz_PREDICTION/neg_sample_SISSIz_mono_output_13_551.txt finished
/home/slais/Masterarbeit/SISSIz_PREDICTION/neg_sample_MULTIPERM_mono_output_99_410.txt finished
/home/slais/Masterarbeit/SISSIz_PREDICTION/neg_sample_ALIFOLDz_output_29_352.txt finished
/home/slais/Masterarbeit/SISSIz_PREDICTION/neg_sample_SISSIz_mono_output_84_264.txt finished
/home/slais/Masterarbeit/SISSIz_PREDICTION/neg_sample_SISSIz_di_output_99_700.txt finished
/home/slais/Masterarbeit/SISSIz_PREDICTION/neg_sample_MULTIPERM_mono_output_99_496.txt finished
/home/slais/Masterarbeit/SISSIz_PREDICTION/neg_sample_ALIFOLDz_output_53_211.txt finished
/home/slais/Masterarbeit/SISSIz_PREDICTION/neg_sample_SISSIz_di_output_58_585.txt finished
/home/slais/Masterarbeit/SISSIz_PREDICTION/neg_sample_MULTIPERM_mono_output_64_756.txt finished
/home/slais/Masterarbeit/SISSIz_PREDICTION/neg_sample_MULTIPERM_di_output_49_919.txt finished
/home/slais/Masterarbeit/SISSIz_PREDICTION/neg_sample_SISSIz_mono_output_80_532.txt finished
/home/slais/Masterarbeit/SISSIz_PREDICTION/neg_sample_SISSIz_di_output_41_972.txt finished
/home/slais/Masterarbeit/SISSIz_PREDICTION/neg_sample_MULTIPERM_mono_output_87_686.txt finished
/home/slais/Masterarbeit/SISSIz_PREDICTION/neg_sample_ALIFOLDz_output_37_832.txt finished
/home/slais/Masterarbeit/SISSIz_PREDICTION/neg_sample_SISSIz_di_output_65_978.txt finished
/home/slais/Masterarbeit/SISSIz_PREDICTION/neg_sample_SISSIz_mono_output_39_196.txt finished
/home/slais/Masterarbeit/SISSIz_PREDICTION/neg_sample_SISSIz_di_output_28_983.txt finished
/home/slais/Masterarbeit/SISSIz_PREDICTION/neg_sample_SISSIz_mono_output_25_433.txt finished
/home/slais/Masterarbeit/SISSIz_PREDICTION/neg_sample_MULTIPERM_di_output_31_912.txt finished
/home/slais/Masterarbeit/SISSIz_PREDICTION/neg_sample_SISSIz_di_output_80_334.txt finished
/home/slais/Masterarbeit/SISSIz_PREDICTION/neg_sample_SISSIz_di_output_15_42.txt finished
/home/slais/Masterarbeit/SISSIz_PREDICTION/neg_sample_MULTIPERM_di_output_7_515.txt finished
/home/slais/Masterarbeit/SISSIz_PREDICTION/neg_sample_ALIFOLDz_output_96_217.txt finished
/home/slais/Masterarbeit/SISSIz_PREDICTION/neg_sample_SISSIz_mono_output_99_388.txt finished
/home/slais/Masterarbeit/SISSIz_PREDICTION/neg_sample_SISSIz_di_output_84_163.txt finished
/home/slais/Masterarbeit/SISSIz_PREDICTION/neg_sample_MULTIPERM_di_output_22_982.txt finished
/home/slais/Masterarbeit/SISSIz_PREDICTION/neg_sample_ALIFOLDz_output_17_74.txt finished
/home/slais/Masterarbeit/SISSIz_PREDICTION/neg_sample_SISSIz_mono_output_53_290.txt finished
/home/slais/Masterarbeit/SISSIz_PREDICTION/neg_sample_MULTIPERM_di_output_78_683.txt finished
/home/slais/Masterarbeit/SISSIz_PREDICTION/neg_sample_MULTIPERM_mono_output_25_766.txt finished
/home/slais/Masterarbeit/SISSIz_PREDICTION/neg_sample_MULTIPERM_mono_output_1_720.txt finished
/home/slais/Masterarbeit/SISSIz_PREDICTION/neg_sample_ALIFOLDz_output_12_13.txt finished
/home/slais/Masterarbeit/SISSIz_PREDICTION/neg_sample_MULTIPERM_di_output_11_930.txt finished
/home/slais/Masterarbeit/SISSIz_PREDICTION/neg_sample_MULTIPERM_di_output_98_231.txt finished
/home/slais/Masterarbeit/SISSIz_PREDICTION/neg_sample_ALIFOLDz_output_85_29.txt finished
/home/slais/Masterarbeit/SISSIz_PREDICTION/neg_sample_ALIFOLDz_output_80_847.txt finished
/home/slais/Masterarbeit/SISSIz_PREDICTION/neg_sample_MULTIPERM_mono_output_30_595.txt finished
/home/slais/Masterarbeit/SISSIz_PREDICTION/neg_sample_SISSIz_mono_output_81_94.txt finished
/home/slais/Masterarbeit/SISSIz_PREDICTION/neg_sample_SISSIz_di_output_30_704.txt finished
/home/slais/Masterarbeit/SISSIz_PREDICTION/neg_sample_MULTIPERM_di_output_2_661.txt finished
/home/slais/Masterarbeit/SISSIz_PREDICTION/neg_sample_ALIFOLDz_output_63_761.txt finished
/home/slais/Masterarbeit/SISSIz_PREDICTION/neg_sample_ALIFOLDz_output_57_179.txt finished
/home/slais/Masterarbeit/SISSIz_PREDICTION/neg_sample_MULTIPERM_di_output_75_317.txt finished
/home/slais/Masterarbeit/SISSIz_PREDICTION/neg_sample_SISSIz_mono_output_66_357.txt finished
/home/slais/Masterarbeit/SISSIz_PREDICTION/neg_sample_MULTIPERM_di_output_66_123.txt finished
/home/slais/Masterarbeit/SISSIz_PREDICTION/neg_sample_MULTIPERM_mono_output_87_722.txt finished
/home/slais/Masterarbeit/SISSIz_PREDICTION/neg_sample_ALIFOLDz_output_42_246.txt finished
/home/slais/Masterarbeit/SISSIz_PREDICTION/neg_sample_SISSIz_di_output_16_969.txt finished
/home/slais/Masterarbeit/SISSIz_PREDICTION/neg_sample_SISSIz_di_output_87_548.txt finished
/home/slais/Masterarbeit/SISSIz_PREDICTION/neg_sample_SISSIz_di_output_27_642.txt finished
/home/slais/Masterarbeit/SISSIz_PREDICTION/neg_sample_SISSIz_mono_output_66_511.txt finished
/home/slais/Masterarbeit/SISSIz_PREDICTION/neg_sample_ALIFOLDz_output_46_773.txt finished
/home/slais/Masterarbeit/SISSIz_PREDICTION/neg_sample_SISSIz_mono_output_48_127.txt finished
/home/slais/Masterarbeit/SISSIz_PREDICTION/neg_sample_ALIFOLDz_output_54_425.txt finished
/home/slais/Masterarbeit/SISSIz_PREDICTION/neg_sample_ALIFOLDz_output_25_753.txt finished
/home/slais/Masterarbeit/SISSIz_PREDICTION/neg_sample_MULTIPERM_di_output_7_796.txt finished
/home/slais/Masterarbeit/SISSIz_PREDICTION/neg_sample_MULTIPERM_mono_output_3_644.txt finished
/home/slais/Masterarbeit/SISSIz_PREDICTION/neg_sample_SISSIz_di_output_44_654.txt finished
/home/slais/Masterarbeit/SISSIz_PREDICTION/neg_sample_MULTIPERM_di_output_83_882.txt finished
/home/slais/Masterarbeit/SISSIz_PREDICTION/neg_sample_MULTIPERM_di_output_98_25.txt finished
/home/slais/Masterarbeit/SISSIz_PREDICTION/neg_sample_SISSIz_di_output_23_502.txt finished
/home/slais/Masterarbeit/SISSIz_PREDICTION/neg_sample_ALIFOLDz_output_32_482.txt finished
/home/slais/Masterarbeit/SISSIz_PREDICTION/neg_sample_MULTIPERM_mono_output_82_670.txt finished
/home/slais/Masterarbeit/SISSIz_PREDICTION/neg_sample_SISSIz_mono_output_99_863.txt finished
/home/slais/Masterarbeit/SISSIz_PREDICTION/neg_sample_MULTIPERM_mono_output_4_285.txt finished
/home/slais/Masterarbeit/SISSIz_PREDICTION/neg_sample_SISSIz_di_output_67_70.txt finished
/home/slais/Masterarbeit/SISSIz_PREDICTION/neg_sample_SISSIz_mono_output_34_946.txt finished
/home/slais/Masterarbeit/SISSIz_PREDICTION/neg_sample_MULTIPERM_di_output_100_481.txt finished
/home/slais/Masterarbeit/SISSIz_PREDICTION/neg_sample_SISSIz_mono_output_76_793.txt finished
/home/slais/Masterarbeit/SISSIz_PREDICTION/neg_sample_SISSIz_di_output_47_833.txt finished
/home/slais/Masterarbeit/SISSIz_PREDICTION/neg_sample_SISSIz_di_output_13_561.txt finished
/home/slais/Masterarbeit/SISSIz_PREDICTION/neg_sample_SISSIz_di_output_35_655.txt finished
/home/slais/Masterarbeit/SISSIz_PREDICTION/neg_sample_SISSIz_mono_output_33_211.txt finished
/home/slais/Masterarbeit/SISSIz_PREDICTION/neg_sample_ALIFOLDz_output_64_292.txt finished
/home/slais/Masterarbeit/SISSIz_PREDICTION/neg_sample_ALIFOLDz_output_73_388.txt finished
/home/slais/Masterarbeit/SISSIz_PREDICTION/neg_sample_SISSIz_mono_output_17_94.txt finished
/home/slais/Masterarbeit/SISSIz_PREDICTION/neg_sample_ALIFOLDz_output_51_216.txt finished
/home/slais/Masterarbeit/SISSIz_PREDICTION/neg_sample_SISSIz_mono_output_47_194.txt finished
/home/slais/Masterarbeit/SISSIz_PREDICTION/neg_sample_ALIFOLDz_output_26_446.txt finished
/home/slais/Masterarbeit/SISSIz_PREDICTION/neg_sample_SISSIz_di_output_51_812.txt finished
/home/slais/Masterarbeit/SISSIz_PREDICTION/neg_sample_SISSIz_di_output_30_638.txt finished
/home/slais/Masterarbeit/SISSIz_PREDICTION/neg_sample_SISSIz_mono_output_15_339.txt finished
/home/slais/Masterarbeit/SISSIz_PREDICTION/neg_sample_SISSIz_di_output_32_732.txt finished
/home/slais/Masterarbeit/SISSIz_PREDICTION/neg_sample_MULTIPERM_di_output_55_20.txt finished
/home/slais/Masterarbeit/SISSIz_PREDICTION/neg_sample_MULTIPERM_mono_output_81_817.txt finished
/home/slais/Masterarbeit/SISSIz_PREDICTION/neg_sample_SISSIz_mono_output_38_869.txt finished
/home/slais/Masterarbeit/SISSIz_PREDICTION/neg_sample_MULTIPERM_di_output_77_315.txt finished
/home/slais/Masterarbeit/SISSIz_PREDICTION/neg_sample_ALIFOLDz_output_67_839.txt finished
/home/slais/Masterarbeit/SISSIz_PREDICTION/neg_sample_SISSIz_mono_output_50_29.txt finished
/home/slais/Masterarbeit/SISSIz_PREDICTION/neg_sample_SISSIz_di_output_33_207.txt finished
/home/slais/Masterarbeit/SISSIz_PREDICTION/neg_sample_SISSIz_mono_output_40_726.txt finished
/home/slais/Masterarbeit/SISSIz_PREDICTION/neg_sample_SISSIz_di_output_33_542.txt finished
/home/slais/Masterarbeit/SISSIz_PREDICTION/neg_sample_MULTIPERM_di_output_44_93.txt finished
/home/slais/Masterarbeit/SISSIz_PREDICTION/neg_sample_ALIFOLDz_output_7_342.txt finished
/home/slais/Masterarbeit/SISSIz_PREDICTION/neg_sample_SISSIz_mono_output_13_414.txt finished
/home/slais/Masterarbeit/SISSIz_PREDICTION/neg_sample_MULTIPERM_mono_output_47_556.txt finished
/home/slais/Masterarbeit/SISSIz_PREDICTION/neg_sample_SISSIz_di_output_1_550.txt finished
/home/slais/Masterarbeit/SISSIz_PREDICTION/neg_sample_MULTIPERM_di_output_33_241.txt finished
/home/slais/Masterarbeit/SISSIz_PREDICTION/neg_sample_ALIFOLDz_output_68_489.txt finished
/home/slais/Masterarbeit/SISSIz_PREDICTION/neg_sample_ALIFOLDz_output_66_290.txt finished
/home/slais/Masterarbeit/SISSIz_PREDICTION/neg_sample_SISSIz_di_output_11_952.txt finished
/home/slais/Masterarbeit/SISSIz_PREDICTION/neg_sample_SISSIz_di_output_28_184.txt finished
/home/slais/Masterarbeit/SISSIz_PREDICTION/neg_sample_SISSIz_di_output_23_671.txt finished
/home/slais/Masterarbeit/SISSIz_PREDICTION/neg_sample_SISSIz_di_output_8_632.txt finished
/home/slais/Masterarbeit/SISSIz_PREDICTION/neg_sample_SISSIz_mono_output_98_405.txt finished
/home/slais/Masterarbeit/SISSIz_PREDICTION/neg_sample_ALIFOLDz_output_50_756.txt finished
/home/slais/Masterarbeit/SISSIz_PREDICTION/neg_sample_MULTIPERM_di_output_15_428.txt finished
/home/slais/Masterarbeit/SISSIz_PREDICTION/neg_sample_SISSIz_di_output_57_917.txt finished
/home/slais/Masterarbeit/SISSIz_PREDICTION/neg_sample_MULTIPERM_mono_output_30_157.txt finished
/home/slais/Masterarbeit/SISSIz_PREDICTION/neg_sample_SISSIz_di_output_35_385.txt finished
/home/slais/Masterarbeit/SISSIz_PREDICTION/neg_sample_MULTIPERM_mono_output_60_805.txt finished
/home/slais/Masterarbeit/SISSIz_PREDICTION/neg_sample_SISSIz_mono_output_85_502.txt finished
/home/slais/Masterarbeit/SISSIz_PREDICTION/neg_sample_MULTIPERM_mono_output_99_739.txt finished
/home/slais/Masterarbeit/SISSIz_PREDICTION/neg_sample_SISSIz_mono_output_31_13.txt finished
/home/slais/Masterarbeit/SISSIz_PREDICTION/neg_sample_MULTIPERM_mono_output_56_602.txt finished
/home/slais/Masterarbeit/SISSIz_PREDICTION/neg_sample_SISSIz_di_output_96_326.txt finished
/home/slais/Masterarbeit/SISSIz_PREDICTION/neg_sample_SISSIz_mono_output_89_310.txt finished
/home/slais/Masterarbeit/SISSIz_PREDICTION/neg_sample_MULTIPERM_di_output_73_365.txt finished
/home/slais/Masterarbeit/SISSIz_PREDICTION/neg_sample_SISSIz_di_output_4_500.txt finished
/home/slais/Masterarbeit/SISSIz_PREDICTION/neg_sample_MULTIPERM_di_output_46_165.txt finished
/home/slais/Masterarbeit/SISSIz_PREDICTION/neg_sample_ALIFOLDz_output_42_249.txt finished
/home/slais/Masterarbeit/SISSIz_PREDICTION/neg_sample_ALIFOLDz_output_81_928.txt finished
/home/slais/Masterarbeit/SISSIz_PREDICTION/neg_sample_MULTIPERM_di_output_12_750.txt finished
/home/slais/Masterarbeit/SISSIz_PREDICTION/neg_sample_SISSIz_di_output_24_662.txt finished
/home/slais/Masterarbeit/SISSIz_PREDICTION/neg_sample_SISSIz_di_output_33_1000.txt finished
/home/slais/Masterarbeit/SISSIz_PREDICTION/neg_sample_MULTIPERM_mono_output_84_992.txt finished
/home/slais/Masterarbeit/SISSIz_PREDICTION/neg_sample_ALIFOLDz_output_97_267.txt finished
/home/slais/Masterarbeit/SISSIz_PREDICTION/neg_sample_SISSIz_mono_output_84_561.txt finished
/home/slais/Masterarbeit/SISSIz_PREDICTION/neg_sample_SISSIz_di_output_76_879.txt finished
/home/slais/Masterarbeit/SISSIz_PREDICTION/neg_sample_SISSIz_di_output_76_151.txt finished
/home/slais/Masterarbeit/SISSIz_PREDICTION/neg_sample_SISSIz_di_output_82_65.txt finished
/home/slais/Masterarbeit/SISSIz_PREDICTION/neg_sample_SISSIz_mono_output_29_190.txt finished
/home/slais/Masterarbeit/SISSIz_PREDICTION/neg_sample_SISSIz_mono_output_61_951.txt finished
/home/slais/Masterarbeit/SISSIz_PREDICTION/neg_sample_MULTIPERM_di_output_97_227.txt finished
/home/slais/Masterarbeit/SISSIz_PREDICTION/neg_sample_MULTIPERM_di_output_1_409.txt finished
/home/slais/Masterarbeit/SISSIz_PREDICTION/neg_sample_SISSIz_mono_output_75_601.txt finished
/home/slais/Masterarbeit/SISSIz_PREDICTION/neg_sample_MULTIPERM_mono_output_39_885.txt finished
/home/slais/Masterarbeit/SISSIz_PREDICTION/neg_sample_SISSIz_di_output_4_185.txt finished
/home/slais/Masterarbeit/SISSIz_PREDICTION/neg_sample_MULTIPERM_mono_output_36_336.txt finished
/home/slais/Masterarbeit/SISSIz_PREDICTION/neg_sample_ALIFOLDz_output_4_702.txt finished
/home/slais/Masterarbeit/SISSIz_PREDICTION/neg_sample_SISSIz_di_output_80_448.txt finished
/home/slais/Masterarbeit/SISSIz_PREDICTION/neg_sample_ALIFOLDz_output_98_735.txt finished
/home/slais/Masterarbeit/SISSIz_PREDICTION/neg_sample_MULTIPERM_di_output_96_440.txt finished
/home/slais/Masterarbeit/SISSIz_PREDICTION/neg_sample_MULTIPERM_di_output_26_938.txt finished
/home/slais/Masterarbeit/SISSIz_PREDICTION/neg_sample_MULTIPERM_di_output_28_528.txt finished
/home/slais/Masterarbeit/SISSIz_PREDICTION/neg_sample_MULTIPERM_mono_output_12_916.txt finished
/home/slais/Masterarbeit/SISSIz_PREDICTION/neg_sample_ALIFOLDz_output_72_176.txt finished
/home/slais/Masterarbeit/SISSIz_PREDICTION/neg_sample_SISSIz_mono_output_38_283.txt finished
/home/slais/Masterarbeit/SISSIz_PREDICTION/neg_sample_SISSIz_mono_output_64_123.txt finished
/home/slais/Masterarbeit/SISSIz_PREDICTION/neg_sample_ALIFOLDz_output_13_769.txt finished
/home/slais/Masterarbeit/SISSIz_PREDICTION/neg_sample_ALIFOLDz_output_86_683.txt finished
/home/slais/Masterarbeit/SISSIz_PREDICTION/neg_sample_MULTIPERM_di_output_56_546.txt finished
/home/slais/Masterarbeit/SISSIz_PREDICTION/neg_sample_ALIFOLDz_output_30_874.txt finished
/home/slais/Masterarbeit/SISSIz_PREDICTION/neg_sample_ALIFOLDz_output_4_884.txt finished
/home/slais/Masterarbeit/SISSIz_PREDICTION/neg_sample_ALIFOLDz_output_85_227.txt finished
/home/slais/Masterarbeit/SISSIz_PREDICTION/neg_sample_SISSIz_mono_output_25_434.txt finished
/home/slais/Masterarbeit/SISSIz_PREDICTION/neg_sample_SISSIz_mono_output_24_667.txt finished
/home/slais/Masterarbeit/SISSIz_PREDICTION/neg_sample_ALIFOLDz_output_10_946.txt finished
/home/slais/Masterarbeit/SISSIz_PREDICTION/neg_sample_SISSIz_di_output_2_815.txt finished
/home/slais/Masterarbeit/SISSIz_PREDICTION/neg_sample_SISSIz_mono_output_25_118.txt finished
/home/slais/Masterarbeit/SISSIz_PREDICTION/neg_sample_MULTIPERM_di_output_68_671.txt finished
/home/slais/Masterarbeit/SISSIz_PREDICTION/neg_sample_ALIFOLDz_output_23_823.txt finished
/home/slais/Masterarbeit/SISSIz_PREDICTION/neg_sample_SISSIz_di_output_15_144.txt finished
/home/slais/Masterarbeit/SISSIz_PREDICTION/neg_sample_SISSIz_di_output_26_261.txt finished
/home/slais/Masterarbeit/SISSIz_PREDICTION/neg_sample_ALIFOLDz_output_25_979.txt finished
/home/slais/Masterarbeit/SISSIz_PREDICTION/neg_sample_MULTIPERM_di_output_95_276.txt finished
/home/slais/Masterarbeit/SISSIz_PREDICTION/neg_sample_SISSIz_mono_output_93_688.txt finished
/home/slais/Masterarbeit/SISSIz_PREDICTION/neg_sample_MULTIPERM_di_output_21_361.txt finished
